[2025-04-09 12:04:58,707: INFO: common: yaml file: config\config.yaml loaded successfully]
[2025-04-09 12:04:58,707: INFO: common: yaml file: params.yaml loaded successfully]
[2025-04-09 12:09:42,695: INFO: common: yaml file: config\config.yaml loaded successfully]
[2025-04-09 12:09:42,698: INFO: common: yaml file: params.yaml loaded successfully]
[2025-04-09 12:23:13,735: INFO: common: yaml file: config\config.yaml loaded successfully]
[2025-04-09 12:23:13,737: INFO: common: yaml file: params.yaml loaded successfully]
[2025-04-09 12:33:09,544: INFO: common: yaml file: config\config.yaml loaded successfully]
[2025-04-09 12:33:09,546: INFO: common: yaml file: params.yaml loaded successfully]
[2025-04-09 12:45:19,689: INFO: common: yaml file: config\config.yaml loaded successfully]
[2025-04-09 12:45:19,692: INFO: common: yaml file: params.yaml loaded successfully]
[2025-04-09 12:46:49,776: INFO: common: yaml file: config\config.yaml loaded successfully]
[2025-04-09 12:46:49,780: INFO: common: yaml file: params.yaml loaded successfully]
[2025-04-09 12:50:50,171: INFO: common: yaml file: config\config.yaml loaded successfully]
[2025-04-09 12:50:50,173: INFO: common: yaml file: params.yaml loaded successfully]
[2025-04-09 12:58:13,070: INFO: common: yaml file: config\config.yaml loaded successfully]
[2025-04-09 12:58:13,075: INFO: common: yaml file: params.yaml loaded successfully]
[2025-04-10 01:37:52,527: INFO: common: yaml file: config\config.yaml loaded successfully]
[2025-04-10 01:37:52,534: INFO: common: yaml file: params.yaml loaded successfully]
[2025-04-10 01:41:59,429: INFO: common: yaml file: config\config.yaml loaded successfully]
[2025-04-10 01:41:59,432: INFO: common: yaml file: params.yaml loaded successfully]
[2025-04-10 01:43:56,745: INFO: common: yaml file: config\config.yaml loaded successfully]
[2025-04-10 01:43:56,746: INFO: common: yaml file: params.yaml loaded successfully]
[2025-04-10 01:45:59,970: INFO: common: yaml file: config\config.yaml loaded successfully]
[2025-04-10 01:45:59,972: INFO: common: yaml file: params.yaml loaded successfully]
[2025-04-10 01:58:45,366: INFO: common: yaml file: config\config.yaml loaded successfully]
[2025-04-10 01:58:45,376: INFO: common: yaml file: params.yaml loaded successfully]
[2025-04-10 01:58:45,376: INFO: common: created directory at: artifacts]
[2025-04-10 01:58:45,376: INFO: common: created directory at: artifacts/data_ingestion]
[2025-04-10 01:58:45,385: INFO: 1283378506: Downloading data from https://drive.google.com/file/d/1UHmcgFCaNvyCFs65-3scHFABfJ1r90FB/view?usp=sharing into file artifacts/data_ingestion/data.zip]
[2025-04-10 01:58:51,595: INFO: 1283378506: Downloaded data from https://drive.google.com/file/d/1UHmcgFCaNvyCFs65-3scHFABfJ1r90FB/view?usp=sharing into file artifacts/data_ingestion/data.zip]
[2025-04-10 01:58:52,349: INFO: 1283378506: Extracted zip file into: artifacts/data_ingestion/unzipped]
[2025-04-10 03:03:48,908: INFO: main: >>>>>> stage Data Ingestion stage started <<<<<<]
[2025-04-10 03:03:48,908: INFO: common: yaml file: config\config.yaml loaded successfully]
[2025-04-10 03:03:48,913: INFO: common: yaml file: params.yaml loaded successfully]
[2025-04-10 03:03:48,913: INFO: common: created directory at: artifacts]
[2025-04-10 03:03:48,916: INFO: common: created directory at: artifacts/data_ingestion]
[2025-04-10 03:03:48,917: INFO: data_ingestion: Downloading data from https://drive.google.com/file/d/1UHmcgFCaNvyCFs65-3scHFABfJ1r90FB/view?usp=sharing into file artifacts/data_ingestion/data.zip]
[2025-04-10 03:03:56,111: INFO: data_ingestion: Downloaded data from https://drive.google.com/file/d/1UHmcgFCaNvyCFs65-3scHFABfJ1r90FB/view?usp=sharing into file artifacts/data_ingestion/data.zip]
[2025-04-10 03:03:56,799: INFO: data_ingestion: Extracted zip file into: artifacts/data_ingestion/unzipped]
[2025-04-10 03:03:56,799: INFO: main: >>>>>> stage Data Ingestion stage completed <<<<<<

x==========x]
[2025-04-10 06:54:10,207: INFO: common: yaml file: config\config.yaml loaded successfully]
[2025-04-10 06:54:10,225: INFO: common: yaml file: params.yaml loaded successfully]
[2025-04-10 06:54:10,228: INFO: common: created directory at: artifacts]
[2025-04-10 06:54:10,230: INFO: common: created directory at: artifacts/prepare_base_model]
[2025-04-10 06:54:14,673: WARNING: saving_utils: Compiled the loaded model, but the compiled metrics have yet to be built. `model.compile_metrics` will be empty until you train or evaluate the model.]
[2025-04-10 07:04:00,212: INFO: main: >>>>>> stage Data Ingestion stage started <<<<<<]
[2025-04-10 07:04:00,212: INFO: common: yaml file: config\config.yaml loaded successfully]
[2025-04-10 07:04:00,212: INFO: common: yaml file: params.yaml loaded successfully]
[2025-04-10 07:04:00,212: INFO: common: created directory at: artifacts]
[2025-04-10 07:04:00,212: INFO: common: created directory at: artifacts/data_ingestion]
[2025-04-10 07:04:00,212: INFO: data_ingestion: Downloading data from https://drive.google.com/file/d/1UHmcgFCaNvyCFs65-3scHFABfJ1r90FB/view?usp=sharing into file artifacts/data_ingestion/data.zip]
[2025-04-10 07:04:08,694: INFO: data_ingestion: Downloaded data from https://drive.google.com/file/d/1UHmcgFCaNvyCFs65-3scHFABfJ1r90FB/view?usp=sharing into file artifacts/data_ingestion/data.zip]
[2025-04-10 07:04:09,066: INFO: data_ingestion: Extracted zip file into: artifacts/data_ingestion/unzipped]
[2025-04-10 07:04:09,066: INFO: main: >>>>>> stage Data Ingestion stage completed <<<<<<

x==========x]
[2025-04-10 07:07:06,498: INFO: utils: Note: NumExpr detected 32 cores but "NUMEXPR_MAX_THREADS" not set, so enforcing safe limit of 8.]
[2025-04-10 07:07:06,498: INFO: utils: NumExpr defaulting to 8 threads.]
[2025-04-10 07:07:08,613: INFO: font_manager: generated new fontManager]
[2025-04-10 07:07:37,691: INFO: utils: Note: NumExpr detected 32 cores but "NUMEXPR_MAX_THREADS" not set, so enforcing safe limit of 8.]
[2025-04-10 07:07:37,703: INFO: utils: NumExpr defaulting to 8 threads.]
[2025-04-10 07:08:10,770: INFO: utils: Note: NumExpr detected 32 cores but "NUMEXPR_MAX_THREADS" not set, so enforcing safe limit of 8.]
[2025-04-10 07:08:10,770: INFO: utils: NumExpr defaulting to 8 threads.]
[2025-04-10 07:08:11,960: INFO: main: >>>>>> stage Data Ingestion stage started <<<<<<]
[2025-04-10 07:08:11,960: INFO: common: yaml file: config\config.yaml loaded successfully]
[2025-04-10 07:08:11,960: INFO: common: yaml file: params.yaml loaded successfully]
[2025-04-10 07:08:11,960: INFO: common: created directory at: artifacts]
[2025-04-10 07:08:11,960: INFO: common: created directory at: artifacts/data_ingestion]
[2025-04-10 07:08:11,960: INFO: data_ingestion: Downloading data from https://drive.google.com/file/d/1UHmcgFCaNvyCFs65-3scHFABfJ1r90FB/view?usp=sharing into file artifacts/data_ingestion/data.zip]
[2025-04-10 07:08:25,639: INFO: data_ingestion: Downloaded data from https://drive.google.com/file/d/1UHmcgFCaNvyCFs65-3scHFABfJ1r90FB/view?usp=sharing into file artifacts/data_ingestion/data.zip]
[2025-04-10 07:08:26,012: INFO: data_ingestion: Extracted zip file into: artifacts/data_ingestion/unzipped]
[2025-04-10 07:08:26,012: INFO: main: >>>>>> stage Data Ingestion stage completed <<<<<<

x==========x]
[2025-04-10 07:08:26,012: INFO: main: *******************]
[2025-04-10 07:08:26,012: INFO: main: >>>>>> stage Prepare base model started <<<<<<]
[2025-04-10 07:08:26,012: INFO: common: yaml file: config\config.yaml loaded successfully]
[2025-04-10 07:08:26,012: INFO: common: yaml file: params.yaml loaded successfully]
[2025-04-10 07:08:26,012: INFO: common: created directory at: artifacts]
[2025-04-10 07:08:26,012: INFO: common: created directory at: artifacts/prepare_base_model]
[2025-04-10 07:08:26,281: WARNING: saving_api: You are saving your model as an HDF5 file via `model.save()` or `keras.saving.save_model(model)`. This file format is considered legacy. We recommend using instead the native Keras format, e.g. `model.save('my_model.keras')` or `keras.saving.save_model(model, 'my_model.keras')`. ]
[2025-04-10 07:08:26,378: WARNING: saving_api: You are saving your model as an HDF5 file via `model.save()` or `keras.saving.save_model(model)`. This file format is considered legacy. We recommend using instead the native Keras format, e.g. `model.save('my_model.keras')` or `keras.saving.save_model(model, 'my_model.keras')`. ]
[2025-04-10 07:08:26,441: INFO: main: >>>>>> stage Prepare base model completed <<<<<<

x==========x]
[2025-04-10 07:08:26,441: INFO: main: *******************]
[2025-04-10 07:08:26,441: INFO: main: >>>>>> stage Training started <<<<<<]
[2025-04-10 07:08:26,441: ERROR: main: name 'ModelTrainingPipeline' is not defined]
Traceback (most recent call last):
  File "C:\PROJECT\Kidney-Disease-Classification-Deep-Learning-Project\main.py", line 37, in <module>
    model_trainer = ModelTrainingPipeline()
                    ^^^^^^^^^^^^^^^^^^^^^
NameError: name 'ModelTrainingPipeline' is not defined
[2025-04-10 07:10:06,512: INFO: utils: Note: NumExpr detected 32 cores but "NUMEXPR_MAX_THREADS" not set, so enforcing safe limit of 8.]
[2025-04-10 07:10:06,512: INFO: utils: NumExpr defaulting to 8 threads.]
[2025-04-10 07:10:07,696: INFO: main: >>>>>> stage Data Ingestion stage started <<<<<<]
[2025-04-10 07:10:07,696: INFO: common: yaml file: config\config.yaml loaded successfully]
[2025-04-10 07:10:07,696: INFO: common: yaml file: params.yaml loaded successfully]
[2025-04-10 07:10:07,696: INFO: common: created directory at: artifacts]
[2025-04-10 07:10:07,696: INFO: common: created directory at: artifacts/data_ingestion]
[2025-04-10 07:10:07,696: INFO: data_ingestion: Downloading data from https://drive.google.com/file/d/1UHmcgFCaNvyCFs65-3scHFABfJ1r90FB/view?usp=sharing into file artifacts/data_ingestion/data.zip]
[2025-04-10 07:10:15,506: INFO: data_ingestion: Downloaded data from https://drive.google.com/file/d/1UHmcgFCaNvyCFs65-3scHFABfJ1r90FB/view?usp=sharing into file artifacts/data_ingestion/data.zip]
[2025-04-10 07:10:15,871: INFO: data_ingestion: Extracted zip file into: artifacts/data_ingestion/unzipped]
[2025-04-10 07:10:15,871: INFO: main: >>>>>> stage Data Ingestion stage completed <<<<<<

x==========x]
[2025-04-10 07:10:15,871: INFO: main: *******************]
[2025-04-10 07:10:15,871: INFO: main: >>>>>> stage Prepare base model started <<<<<<]
[2025-04-10 07:10:15,871: INFO: common: yaml file: config\config.yaml loaded successfully]
[2025-04-10 07:10:15,871: INFO: common: yaml file: params.yaml loaded successfully]
[2025-04-10 07:10:15,871: INFO: common: created directory at: artifacts]
[2025-04-10 07:10:15,871: INFO: common: created directory at: artifacts/prepare_base_model]
[2025-04-10 07:10:16,106: WARNING: saving_api: You are saving your model as an HDF5 file via `model.save()` or `keras.saving.save_model(model)`. This file format is considered legacy. We recommend using instead the native Keras format, e.g. `model.save('my_model.keras')` or `keras.saving.save_model(model, 'my_model.keras')`. ]
[2025-04-10 07:10:16,227: WARNING: saving_api: You are saving your model as an HDF5 file via `model.save()` or `keras.saving.save_model(model)`. This file format is considered legacy. We recommend using instead the native Keras format, e.g. `model.save('my_model.keras')` or `keras.saving.save_model(model, 'my_model.keras')`. ]
[2025-04-10 07:10:16,294: INFO: main: >>>>>> stage Prepare base model completed <<<<<<

x==========x]
[2025-04-10 07:17:05,460: INFO: common: yaml file: config\config.yaml loaded successfully]
[2025-04-10 07:17:05,463: INFO: common: yaml file: params.yaml loaded successfully]
[2025-04-10 07:17:05,464: INFO: common: created directory at: artifacts]
[2025-04-10 07:17:05,465: INFO: common: created directory at: artifacts\training]
[2025-04-10 07:25:48,263: INFO: common: yaml file: config\config.yaml loaded successfully]
[2025-04-10 07:25:48,265: INFO: common: yaml file: params.yaml loaded successfully]
[2025-04-10 07:25:48,266: INFO: common: created directory at: artifacts]
[2025-04-10 07:25:48,267: INFO: common: created directory at: artifacts\training]
[2025-04-10 07:42:42,688: INFO: utils: Note: NumExpr detected 32 cores but "NUMEXPR_MAX_THREADS" not set, so enforcing safe limit of 8.]
[2025-04-10 07:42:42,688: INFO: utils: NumExpr defaulting to 8 threads.]
[2025-04-10 07:42:43,912: INFO: main: >>>>>> stage Data Ingestion stage started <<<<<<]
[2025-04-10 07:42:43,912: INFO: common: yaml file: config\config.yaml loaded successfully]
[2025-04-10 07:42:43,912: INFO: common: yaml file: params.yaml loaded successfully]
[2025-04-10 07:42:43,912: INFO: common: created directory at: artifacts]
[2025-04-10 07:42:43,912: INFO: common: created directory at: artifacts/data_ingestion]
[2025-04-10 07:42:43,912: INFO: data_ingestion: Downloading data from https://drive.google.com/file/d/1UHmcgFCaNvyCFs65-3scHFABfJ1r90FB/view?usp=sharing into file artifacts/data_ingestion/data.zip]
[2025-04-10 07:42:49,851: INFO: data_ingestion: Downloaded data from https://drive.google.com/file/d/1UHmcgFCaNvyCFs65-3scHFABfJ1r90FB/view?usp=sharing into file artifacts/data_ingestion/data.zip]
[2025-04-10 07:42:50,238: INFO: data_ingestion: Extracted zip file into: artifacts/data_ingestion/unzipped]
[2025-04-10 07:42:50,238: INFO: main: >>>>>> stage Data Ingestion stage completed <<<<<<

x==========x]
[2025-04-10 07:42:50,238: INFO: main: *******************]
[2025-04-10 07:42:50,238: INFO: main: >>>>>> stage Prepare base model started <<<<<<]
[2025-04-10 07:42:50,238: INFO: common: yaml file: config\config.yaml loaded successfully]
[2025-04-10 07:42:50,238: INFO: common: yaml file: params.yaml loaded successfully]
[2025-04-10 07:42:50,238: INFO: common: created directory at: artifacts]
[2025-04-10 07:42:50,238: INFO: common: created directory at: artifacts/prepare_base_model]
[2025-04-10 07:42:50,468: WARNING: saving_api: You are saving your model as an HDF5 file via `model.save()` or `keras.saving.save_model(model)`. This file format is considered legacy. We recommend using instead the native Keras format, e.g. `model.save('my_model.keras')` or `keras.saving.save_model(model, 'my_model.keras')`. ]
[2025-04-10 07:42:50,558: WARNING: saving_api: You are saving your model as an HDF5 file via `model.save()` or `keras.saving.save_model(model)`. This file format is considered legacy. We recommend using instead the native Keras format, e.g. `model.save('my_model.keras')` or `keras.saving.save_model(model, 'my_model.keras')`. ]
[2025-04-10 07:42:50,640: INFO: main: >>>>>> stage Prepare base model completed <<<<<<

x==========x]
[2025-04-10 07:45:05,826: INFO: common: yaml file: config\config.yaml loaded successfully]
[2025-04-10 07:45:05,829: INFO: common: yaml file: params.yaml loaded successfully]
[2025-04-10 07:45:05,830: INFO: common: created directory at: artifacts]
[2025-04-10 07:45:05,831: INFO: common: created directory at: artifacts\training]
[2025-04-10 07:48:04,732: INFO: common: yaml file: config\config.yaml loaded successfully]
[2025-04-10 07:48:04,734: INFO: common: yaml file: params.yaml loaded successfully]
[2025-04-10 07:48:04,735: INFO: common: created directory at: artifacts]
[2025-04-10 07:48:04,735: INFO: common: created directory at: artifacts\training]
[2025-04-10 08:02:19,736: INFO: common: yaml file: config\config.yaml loaded successfully]
[2025-04-10 08:02:19,740: INFO: common: yaml file: params.yaml loaded successfully]
[2025-04-10 08:02:19,740: INFO: common: created directory at: artifacts]
[2025-04-10 08:02:19,741: INFO: common: created directory at: artifacts/data_ingestion]
[2025-04-10 08:02:19,741: INFO: 1283378506: Downloading data from https://drive.google.com/file/d/1UHmcgFCaNvyCFs65-3scHFABfJ1r90FB/view?usp=sharing into file artifacts/data_ingestion/data.zip]
[2025-04-10 08:02:27,711: INFO: 1283378506: Downloaded data from https://drive.google.com/file/d/1UHmcgFCaNvyCFs65-3scHFABfJ1r90FB/view?usp=sharing into file artifacts/data_ingestion/data.zip]
[2025-04-10 08:02:28,102: INFO: 1283378506: Extracted zip file into: artifacts/data_ingestion/unzipped]
[2025-04-10 08:03:04,428: INFO: common: yaml file: config\config.yaml loaded successfully]
[2025-04-10 08:03:04,429: INFO: common: yaml file: params.yaml loaded successfully]
[2025-04-10 08:03:04,429: INFO: common: created directory at: artifacts]
[2025-04-10 08:03:04,431: INFO: common: created directory at: artifacts/prepare_base_model]
[2025-04-10 08:04:03,470: INFO: common: yaml file: config\config.yaml loaded successfully]
[2025-04-10 08:04:03,473: INFO: common: yaml file: params.yaml loaded successfully]
[2025-04-10 08:04:03,474: INFO: common: created directory at: artifacts]
[2025-04-10 08:04:03,474: INFO: common: created directory at: artifacts/prepare_base_model]
[2025-04-10 08:04:03,739: WARNING: saving_utils: Compiled the loaded model, but the compiled metrics have yet to be built. `model.compile_metrics` will be empty until you train or evaluate the model.]
[2025-04-10 08:30:39,178: INFO: utils: Note: NumExpr detected 32 cores but "NUMEXPR_MAX_THREADS" not set, so enforcing safe limit of 8.]
[2025-04-10 08:30:39,178: INFO: utils: NumExpr defaulting to 8 threads.]
[2025-04-10 08:30:40,411: INFO: main: >>>>>> stage Data Ingestion stage started <<<<<<]
[2025-04-10 08:30:40,411: INFO: common: yaml file: config\config.yaml loaded successfully]
[2025-04-10 08:30:40,427: INFO: common: yaml file: params.yaml loaded successfully]
[2025-04-10 08:30:40,427: INFO: common: created directory at: artifacts]
[2025-04-10 08:30:40,427: INFO: common: created directory at: artifacts/data_ingestion]
[2025-04-10 08:30:40,427: INFO: data_ingestion: Downloading data from https://drive.google.com/file/d/1UHmcgFCaNvyCFs65-3scHFABfJ1r90FB/view?usp=sharing into file artifacts/data_ingestion/data.zip]
[2025-04-10 08:30:49,233: INFO: data_ingestion: Downloaded data from https://drive.google.com/file/d/1UHmcgFCaNvyCFs65-3scHFABfJ1r90FB/view?usp=sharing into file artifacts/data_ingestion/data.zip]
[2025-04-10 08:30:49,655: INFO: data_ingestion: Extracted zip file into: artifacts/data_ingestion/unzipped]
[2025-04-10 08:30:49,655: INFO: main: >>>>>> stage Data Ingestion stage completed <<<<<<

x==========x]
[2025-04-10 08:30:49,655: INFO: main: *******************]
[2025-04-10 08:30:49,655: INFO: main: >>>>>> stage Prepare base model started <<<<<<]
[2025-04-10 08:30:49,656: INFO: common: yaml file: config\config.yaml loaded successfully]
[2025-04-10 08:30:49,657: INFO: common: yaml file: params.yaml loaded successfully]
[2025-04-10 08:30:49,657: INFO: common: created directory at: artifacts]
[2025-04-10 08:30:49,658: INFO: common: created directory at: artifacts/prepare_base_model]
[2025-04-10 08:30:49,883: WARNING: saving_api: You are saving your model as an HDF5 file via `model.save()` or `keras.saving.save_model(model)`. This file format is considered legacy. We recommend using instead the native Keras format, e.g. `model.save('my_model.keras')` or `keras.saving.save_model(model, 'my_model.keras')`. ]
[2025-04-10 08:30:49,979: WARNING: saving_api: You are saving your model as an HDF5 file via `model.save()` or `keras.saving.save_model(model)`. This file format is considered legacy. We recommend using instead the native Keras format, e.g. `model.save('my_model.keras')` or `keras.saving.save_model(model, 'my_model.keras')`. ]
[2025-04-10 08:30:50,064: INFO: main: >>>>>> stage Prepare base model completed <<<<<<

x==========x]
[2025-04-10 08:33:32,698: INFO: utils: Note: NumExpr detected 32 cores but "NUMEXPR_MAX_THREADS" not set, so enforcing safe limit of 8.]
[2025-04-10 08:33:32,698: INFO: utils: NumExpr defaulting to 8 threads.]
[2025-04-10 08:33:33,920: INFO: main: >>>>>> stage Data Ingestion stage started <<<<<<]
[2025-04-10 08:33:33,922: INFO: common: yaml file: config\config.yaml loaded successfully]
[2025-04-10 08:33:33,922: INFO: common: yaml file: params.yaml loaded successfully]
[2025-04-10 08:33:33,922: INFO: common: created directory at: artifacts]
[2025-04-10 08:33:33,922: INFO: common: created directory at: artifacts/data_ingestion]
[2025-04-10 08:33:33,922: INFO: data_ingestion: Downloading data from https://drive.google.com/file/d/1UHmcgFCaNvyCFs65-3scHFABfJ1r90FB/view?usp=sharing into file artifacts/data_ingestion/data.zip]
[2025-04-10 08:33:42,948: INFO: data_ingestion: Downloaded data from https://drive.google.com/file/d/1UHmcgFCaNvyCFs65-3scHFABfJ1r90FB/view?usp=sharing into file artifacts/data_ingestion/data.zip]
[2025-04-10 08:33:43,328: INFO: data_ingestion: Extracted zip file into: artifacts/data_ingestion/unzipped]
[2025-04-10 08:33:43,328: INFO: main: >>>>>> stage Data Ingestion stage completed <<<<<<

x==========x]
[2025-04-10 08:33:43,328: INFO: main: *******************]
[2025-04-10 08:33:43,328: INFO: main: >>>>>> stage Prepare base model started <<<<<<]
[2025-04-10 08:33:43,328: INFO: common: yaml file: config\config.yaml loaded successfully]
[2025-04-10 08:33:43,328: INFO: common: yaml file: params.yaml loaded successfully]
[2025-04-10 08:33:43,328: INFO: common: created directory at: artifacts]
[2025-04-10 08:33:43,328: INFO: common: created directory at: artifacts/prepare_base_model]
[2025-04-10 08:33:43,556: WARNING: saving_api: You are saving your model as an HDF5 file via `model.save()` or `keras.saving.save_model(model)`. This file format is considered legacy. We recommend using instead the native Keras format, e.g. `model.save('my_model.keras')` or `keras.saving.save_model(model, 'my_model.keras')`. ]
[2025-04-10 08:33:43,654: WARNING: saving_api: You are saving your model as an HDF5 file via `model.save()` or `keras.saving.save_model(model)`. This file format is considered legacy. We recommend using instead the native Keras format, e.g. `model.save('my_model.keras')` or `keras.saving.save_model(model, 'my_model.keras')`. ]
[2025-04-10 08:33:43,729: INFO: main: >>>>>> stage Prepare base model completed <<<<<<

x==========x]
[2025-04-10 08:33:43,729: INFO: main: *******************]
[2025-04-10 08:33:43,729: INFO: main: >>>>>> stage Training started <<<<<<]
[2025-04-10 08:33:43,729: INFO: common: yaml file: config\config.yaml loaded successfully]
[2025-04-10 08:33:43,729: INFO: common: yaml file: params.yaml loaded successfully]
[2025-04-10 08:33:43,729: INFO: common: created directory at: artifacts]
[2025-04-10 08:33:43,729: INFO: common: created directory at: artifacts\training]
[2025-04-10 08:33:43,840: WARNING: saving_utils: Compiled the loaded model, but the compiled metrics have yet to be built. `model.compile_metrics` will be empty until you train or evaluate the model.]
[2025-04-10 08:33:44,676: ERROR: main: numpy() is only available when eager execution is enabled.]
Traceback (most recent call last):
  File "C:\PROJECT\Kidney-Disease-Classification-Deep-Learning-Project\main.py", line 39, in <module>
    model_trainer.main()
  File "c:\project\kidney-disease-classification-deep-learning-project\src\cnnClassifier\pipeline\stage_03_model_training.py", line 21, in main
    training.train()
  File "c:\project\kidney-disease-classification-deep-learning-project\src\cnnClassifier\components\model_training.py", line 76, in train
    self.model.fit(
  File "C:\Users\kurumeti\anaconda3\Lib\site-packages\keras\src\utils\traceback_utils.py", line 122, in error_handler
    raise e.with_traceback(filtered_tb) from None
  File "C:\Users\kurumeti\anaconda3\Lib\site-packages\keras\src\backend\tensorflow\core.py", line 155, in convert_to_numpy
    return np.array(x)
           ^^^^^^^^^^^
NotImplementedError: numpy() is only available when eager execution is enabled.
[2025-04-10 08:39:03,064: INFO: main: >>>>>> stage Data Ingestion stage started <<<<<<]
[2025-04-10 08:39:03,080: INFO: common: yaml file: config\config.yaml loaded successfully]
[2025-04-10 08:39:03,084: INFO: common: yaml file: params.yaml loaded successfully]
[2025-04-10 08:39:03,086: INFO: common: created directory at: artifacts]
[2025-04-10 08:39:03,086: INFO: common: created directory at: artifacts/data_ingestion]
[2025-04-10 08:39:03,087: INFO: data_ingestion: Downloading data from https://drive.google.com/file/d/1UHmcgFCaNvyCFs65-3scHFABfJ1r90FB/view?usp=sharing into file artifacts/data_ingestion/data.zip]
[2025-04-10 08:39:11,774: INFO: data_ingestion: Downloaded data from https://drive.google.com/file/d/1UHmcgFCaNvyCFs65-3scHFABfJ1r90FB/view?usp=sharing into file artifacts/data_ingestion/data.zip]
[2025-04-10 08:39:12,157: INFO: data_ingestion: Extracted zip file into: artifacts/data_ingestion/unzipped]
[2025-04-10 08:39:12,159: INFO: main: >>>>>> stage Data Ingestion stage completed <<<<<<

x==========x]
[2025-04-10 08:39:12,159: INFO: main: *******************]
[2025-04-10 08:39:12,159: INFO: main: >>>>>> stage Prepare base model started <<<<<<]
[2025-04-10 08:39:12,159: INFO: common: yaml file: config\config.yaml loaded successfully]
[2025-04-10 08:39:12,159: INFO: common: yaml file: params.yaml loaded successfully]
[2025-04-10 08:39:12,159: INFO: common: created directory at: artifacts]
[2025-04-10 08:39:12,159: INFO: common: created directory at: artifacts/prepare_base_model]
[2025-04-10 08:39:12,387: WARNING: saving_api: You are saving your model as an HDF5 file via `model.save()` or `keras.saving.save_model(model)`. This file format is considered legacy. We recommend using instead the native Keras format, e.g. `model.save('my_model.keras')` or `keras.saving.save_model(model, 'my_model.keras')`. ]
[2025-04-10 08:39:12,486: WARNING: saving_api: You are saving your model as an HDF5 file via `model.save()` or `keras.saving.save_model(model)`. This file format is considered legacy. We recommend using instead the native Keras format, e.g. `model.save('my_model.keras')` or `keras.saving.save_model(model, 'my_model.keras')`. ]
[2025-04-10 08:39:12,570: INFO: main: >>>>>> stage Prepare base model completed <<<<<<

x==========x]
[2025-04-10 08:39:12,570: INFO: main: *******************]
[2025-04-10 08:39:12,571: INFO: main: >>>>>> stage Training started <<<<<<]
[2025-04-10 08:39:12,572: INFO: common: yaml file: config\config.yaml loaded successfully]
[2025-04-10 08:39:12,573: INFO: common: yaml file: params.yaml loaded successfully]
[2025-04-10 08:39:12,573: INFO: common: created directory at: artifacts]
[2025-04-10 08:39:12,574: INFO: common: created directory at: artifacts\training]
[2025-04-10 08:39:12,684: WARNING: saving_utils: Compiled the loaded model, but the compiled metrics have yet to be built. `model.compile_metrics` will be empty until you train or evaluate the model.]
[2025-04-10 08:39:13,456: ERROR: main: numpy() is only available when eager execution is enabled.]
Traceback (most recent call last):
  File "C:\PROJECT\Kidney-Disease-Classification-Deep-Learning-Project\main.py", line 44, in <module>
    model_trainer.main()
  File "c:\project\kidney-disease-classification-deep-learning-project\src\cnnClassifier\pipeline\stage_03_model_training.py", line 21, in main
    training.train()
  File "c:\project\kidney-disease-classification-deep-learning-project\src\cnnClassifier\components\model_training.py", line 76, in train
    self.model.fit(
  File "C:\Users\kurumeti\anaconda3\Lib\site-packages\keras\src\utils\traceback_utils.py", line 122, in error_handler
    raise e.with_traceback(filtered_tb) from None
  File "C:\Users\kurumeti\anaconda3\Lib\site-packages\keras\src\backend\tensorflow\core.py", line 155, in convert_to_numpy
    return np.array(x)
           ^^^^^^^^^^^
NotImplementedError: numpy() is only available when eager execution is enabled.
[2025-04-10 08:42:39,886: INFO: main: *******************]
[2025-04-10 08:42:39,886: INFO: main: >>>>>> stage Data Ingestion started <<<<<<]
[2025-04-10 08:42:39,886: INFO: common: yaml file: config\config.yaml loaded successfully]
[2025-04-10 08:42:39,886: INFO: common: yaml file: params.yaml loaded successfully]
[2025-04-10 08:42:39,886: INFO: common: created directory at: artifacts]
[2025-04-10 08:42:39,886: INFO: common: created directory at: artifacts/data_ingestion]
[2025-04-10 08:42:39,886: INFO: data_ingestion: Downloading data from https://drive.google.com/file/d/1UHmcgFCaNvyCFs65-3scHFABfJ1r90FB/view?usp=sharing into file artifacts/data_ingestion/data.zip]
[2025-04-10 08:42:49,932: INFO: data_ingestion: Downloaded data from https://drive.google.com/file/d/1UHmcgFCaNvyCFs65-3scHFABfJ1r90FB/view?usp=sharing into file artifacts/data_ingestion/data.zip]
[2025-04-10 08:42:50,318: INFO: data_ingestion: Extracted zip file into: artifacts/data_ingestion/unzipped]
[2025-04-10 08:42:50,318: INFO: main: >>>>>> stage Data Ingestion completed <<<<<<

x==========x]
[2025-04-10 08:42:50,318: INFO: main: *******************]
[2025-04-10 08:42:50,318: INFO: main: >>>>>> stage Prepare Base Model started <<<<<<]
[2025-04-10 08:42:50,318: INFO: common: yaml file: config\config.yaml loaded successfully]
[2025-04-10 08:42:50,329: INFO: common: yaml file: params.yaml loaded successfully]
[2025-04-10 08:42:50,329: INFO: common: created directory at: artifacts]
[2025-04-10 08:42:50,329: INFO: common: created directory at: artifacts/prepare_base_model]
[2025-04-10 08:42:50,553: WARNING: saving_api: You are saving your model as an HDF5 file via `model.save()` or `keras.saving.save_model(model)`. This file format is considered legacy. We recommend using instead the native Keras format, e.g. `model.save('my_model.keras')` or `keras.saving.save_model(model, 'my_model.keras')`. ]
[2025-04-10 08:42:50,657: WARNING: saving_api: You are saving your model as an HDF5 file via `model.save()` or `keras.saving.save_model(model)`. This file format is considered legacy. We recommend using instead the native Keras format, e.g. `model.save('my_model.keras')` or `keras.saving.save_model(model, 'my_model.keras')`. ]
[2025-04-10 08:42:50,743: INFO: main: >>>>>> stage Prepare Base Model completed <<<<<<

x==========x]
[2025-04-10 08:42:50,743: INFO: main: *******************]
[2025-04-10 08:42:50,743: INFO: main: >>>>>> stage Model Training started <<<<<<]
[2025-04-10 08:42:50,744: INFO: common: yaml file: config\config.yaml loaded successfully]
[2025-04-10 08:42:50,745: INFO: common: yaml file: params.yaml loaded successfully]
[2025-04-10 08:42:50,746: INFO: common: created directory at: artifacts]
[2025-04-10 08:42:50,746: INFO: common: created directory at: artifacts\training]
[2025-04-10 08:42:50,855: WARNING: saving_utils: Compiled the loaded model, but the compiled metrics have yet to be built. `model.compile_metrics` will be empty until you train or evaluate the model.]
[2025-04-10 08:42:51,666: ERROR: main: numpy() is only available when eager execution is enabled.]
Traceback (most recent call last):
  File "C:\PROJECT\Kidney-Disease-Classification-Deep-Learning-Project\main.py", line 15, in run_stage
    pipeline.main()
  File "c:\project\kidney-disease-classification-deep-learning-project\src\cnnClassifier\pipeline\stage_03_model_training.py", line 21, in main
    training.train()
  File "c:\project\kidney-disease-classification-deep-learning-project\src\cnnClassifier\components\model_training.py", line 76, in train
    self.model.fit(
  File "C:\Users\kurumeti\anaconda3\Lib\site-packages\keras\src\utils\traceback_utils.py", line 122, in error_handler
    raise e.with_traceback(filtered_tb) from None
  File "C:\Users\kurumeti\anaconda3\Lib\site-packages\keras\src\backend\tensorflow\core.py", line 155, in convert_to_numpy
    return np.array(x)
           ^^^^^^^^^^^
NotImplementedError: numpy() is only available when eager execution is enabled.
[2025-04-10 08:49:35,555: INFO: main: *******************]
[2025-04-10 08:49:35,555: INFO: main: >>>>>> stage Data Ingestion started <<<<<<]
[2025-04-10 08:49:35,555: INFO: common: yaml file: config\config.yaml loaded successfully]
[2025-04-10 08:49:35,555: INFO: common: yaml file: params.yaml loaded successfully]
[2025-04-10 08:49:35,555: INFO: common: created directory at: artifacts]
[2025-04-10 08:49:35,555: INFO: common: created directory at: artifacts/data_ingestion]
[2025-04-10 08:49:35,555: INFO: data_ingestion: Downloading data from https://drive.google.com/file/d/1UHmcgFCaNvyCFs65-3scHFABfJ1r90FB/view?usp=sharing into file artifacts/data_ingestion/data.zip]
[2025-04-10 08:50:06,830: INFO: data_ingestion: Downloaded data from https://drive.google.com/file/d/1UHmcgFCaNvyCFs65-3scHFABfJ1r90FB/view?usp=sharing into file artifacts/data_ingestion/data.zip]
[2025-04-10 08:50:07,196: INFO: data_ingestion: Extracted zip file into: artifacts/data_ingestion/unzipped]
[2025-04-10 08:50:07,196: INFO: main: >>>>>> stage Data Ingestion completed <<<<<<

x==========x]
[2025-04-10 08:50:07,196: INFO: main: *******************]
[2025-04-10 08:50:07,196: INFO: main: >>>>>> stage Prepare Base Model started <<<<<<]
[2025-04-10 08:50:07,211: INFO: common: yaml file: config\config.yaml loaded successfully]
[2025-04-10 08:50:07,211: INFO: common: yaml file: params.yaml loaded successfully]
[2025-04-10 08:50:07,211: INFO: common: created directory at: artifacts]
[2025-04-10 08:50:07,211: INFO: common: created directory at: artifacts/prepare_base_model]
[2025-04-10 08:50:07,436: WARNING: saving_api: You are saving your model as an HDF5 file via `model.save()` or `keras.saving.save_model(model)`. This file format is considered legacy. We recommend using instead the native Keras format, e.g. `model.save('my_model.keras')` or `keras.saving.save_model(model, 'my_model.keras')`. ]
[2025-04-10 08:50:07,532: WARNING: saving_api: You are saving your model as an HDF5 file via `model.save()` or `keras.saving.save_model(model)`. This file format is considered legacy. We recommend using instead the native Keras format, e.g. `model.save('my_model.keras')` or `keras.saving.save_model(model, 'my_model.keras')`. ]
[2025-04-10 08:50:07,604: INFO: main: >>>>>> stage Prepare Base Model completed <<<<<<

x==========x]
[2025-04-10 08:50:07,604: INFO: main: *******************]
[2025-04-10 08:50:07,604: INFO: main: >>>>>> stage Model Training started <<<<<<]
[2025-04-10 08:50:07,604: INFO: common: yaml file: config\config.yaml loaded successfully]
[2025-04-10 08:50:07,604: INFO: common: yaml file: params.yaml loaded successfully]
[2025-04-10 08:50:07,604: INFO: common: created directory at: artifacts]
[2025-04-10 08:50:07,604: INFO: common: created directory at: artifacts\training]
[2025-04-10 08:50:07,721: WARNING: saving_utils: Compiled the loaded model, but the compiled metrics have yet to be built. `model.compile_metrics` will be empty until you train or evaluate the model.]
[2025-04-10 08:50:08,530: ERROR: main: numpy() is only available when eager execution is enabled.]
Traceback (most recent call last):
  File "C:\PROJECT\Kidney-Disease-Classification-Deep-Learning-Project\main.py", line 15, in run_stage
    pipeline.main()
  File "c:\project\kidney-disease-classification-deep-learning-project\src\cnnClassifier\pipeline\stage_03_model_training.py", line 21, in main
    training.train()
  File "c:\project\kidney-disease-classification-deep-learning-project\src\cnnClassifier\components\model_training.py", line 76, in train
    self.model.fit(
  File "C:\Users\kurumeti\anaconda3\Lib\site-packages\keras\src\utils\traceback_utils.py", line 122, in error_handler
    raise e.with_traceback(filtered_tb) from None
  File "C:\Users\kurumeti\anaconda3\Lib\site-packages\keras\src\backend\tensorflow\core.py", line 155, in convert_to_numpy
    return np.array(x)
           ^^^^^^^^^^^
NotImplementedError: numpy() is only available when eager execution is enabled.
[2025-04-10 09:33:12,578: INFO: main: >>>>>> stage Data Ingestion stage started <<<<<<]
[2025-04-10 09:33:12,579: INFO: common: yaml file: config\config.yaml loaded successfully]
[2025-04-10 09:33:12,580: INFO: common: yaml file: params.yaml loaded successfully]
[2025-04-10 09:33:12,581: INFO: common: created directory at: artifacts]
[2025-04-10 09:33:12,581: INFO: common: created directory at: artifacts/data_ingestion]
[2025-04-10 09:33:12,582: INFO: data_ingestion: Downloading data from https://drive.google.com/file/d/1UHmcgFCaNvyCFs65-3scHFABfJ1r90FB/view?usp=sharing into file artifacts/data_ingestion/data.zip]
[2025-04-10 09:33:21,455: INFO: data_ingestion: Downloaded data from https://drive.google.com/file/d/1UHmcgFCaNvyCFs65-3scHFABfJ1r90FB/view?usp=sharing into file artifacts/data_ingestion/data.zip]
[2025-04-10 09:33:21,853: INFO: data_ingestion: Extracted zip file into: artifacts/data_ingestion/unzipped]
[2025-04-10 09:33:21,854: INFO: main: >>>>>> stage Data Ingestion stage completed <<<<<<

x==========x]
[2025-04-10 09:33:21,854: INFO: main: *******************]
[2025-04-10 09:33:21,854: INFO: main: >>>>>> stage Prepare base model started <<<<<<]
[2025-04-10 09:33:21,855: INFO: common: yaml file: config\config.yaml loaded successfully]
[2025-04-10 09:33:21,856: INFO: common: yaml file: params.yaml loaded successfully]
[2025-04-10 09:33:21,856: INFO: common: created directory at: artifacts]
[2025-04-10 09:33:21,857: INFO: common: created directory at: artifacts/prepare_base_model]
[2025-04-10 09:33:22,120: WARNING: saving_utils: Compiled the loaded model, but the compiled metrics have yet to be built. `model.compile_metrics` will be empty until you train or evaluate the model.]
[2025-04-10 09:33:22,285: INFO: main: >>>>>> stage Prepare base model completed <<<<<<

x==========x]
[2025-04-10 09:33:22,286: INFO: main: *******************]
[2025-04-10 09:33:22,286: INFO: main: >>>>>> stage Training started <<<<<<]
[2025-04-10 09:33:22,287: INFO: common: yaml file: config\config.yaml loaded successfully]
[2025-04-10 09:33:22,288: INFO: common: yaml file: params.yaml loaded successfully]
[2025-04-10 09:33:22,289: INFO: common: created directory at: artifacts]
[2025-04-10 09:33:22,289: INFO: common: created directory at: artifacts\training]
[2025-04-10 09:33:37,158: INFO: main: >>>>>> stage Training completed <<<<<<

x==========x]
[2025-04-14 15:00:46,926: INFO: utils: Note: NumExpr detected 32 cores but "NUMEXPR_MAX_THREADS" not set, so enforcing safe limit of 8.]
[2025-04-14 15:00:46,926: INFO: utils: NumExpr defaulting to 8 threads.]
[2025-04-14 15:00:50,402: INFO: main: >>>>>> stage Data Ingestion stage started <<<<<<]
[2025-04-14 15:00:50,428: INFO: common: yaml file: config\config.yaml loaded successfully]
[2025-04-14 15:00:50,457: INFO: common: yaml file: params.yaml loaded successfully]
[2025-04-14 15:00:50,457: INFO: common: created directory at: artifacts]
[2025-04-14 15:00:50,457: INFO: common: created directory at: artifacts/data_ingestion]
[2025-04-14 15:00:50,457: INFO: data_ingestion: Downloading data from https://drive.google.com/file/d/1UHmcgFCaNvyCFs65-3scHFABfJ1r90FB/view?usp=sharing into file artifacts/data_ingestion/data.zip]
[2025-04-14 15:00:56,782: INFO: data_ingestion: Downloaded data from https://drive.google.com/file/d/1UHmcgFCaNvyCFs65-3scHFABfJ1r90FB/view?usp=sharing into file artifacts/data_ingestion/data.zip]
[2025-04-14 15:00:57,508: INFO: data_ingestion: Extracted zip file into: artifacts/data_ingestion/unzipped]
[2025-04-14 15:00:57,508: INFO: main: >>>>>> stage Data Ingestion stage completed <<<<<<

x==========x]
[2025-04-14 15:00:57,508: INFO: main: *******************]
[2025-04-14 15:00:57,508: INFO: main: >>>>>> stage Prepare base model started <<<<<<]
[2025-04-14 15:00:57,508: INFO: common: yaml file: config\config.yaml loaded successfully]
[2025-04-14 15:00:57,508: INFO: common: yaml file: params.yaml loaded successfully]
[2025-04-14 15:00:57,508: INFO: common: created directory at: artifacts]
[2025-04-14 15:00:57,524: INFO: common: created directory at: artifacts/prepare_base_model]
[2025-04-14 15:00:57,993: WARNING: saving_api: You are saving your model as an HDF5 file via `model.save()` or `keras.saving.save_model(model)`. This file format is considered legacy. We recommend using instead the native Keras format, e.g. `model.save('my_model.keras')` or `keras.saving.save_model(model, 'my_model.keras')`. ]
[2025-04-14 15:00:58,159: WARNING: saving_api: You are saving your model as an HDF5 file via `model.save()` or `keras.saving.save_model(model)`. This file format is considered legacy. We recommend using instead the native Keras format, e.g. `model.save('my_model.keras')` or `keras.saving.save_model(model, 'my_model.keras')`. ]
[2025-04-14 15:00:58,304: INFO: main: >>>>>> stage Prepare base model completed <<<<<<

x==========x]
[2025-04-14 15:00:58,304: INFO: main: *******************]
[2025-04-14 15:00:58,304: INFO: main: >>>>>> stage Training started <<<<<<]
[2025-04-14 15:00:58,304: INFO: common: yaml file: config\config.yaml loaded successfully]
[2025-04-14 15:00:58,319: INFO: common: yaml file: params.yaml loaded successfully]
[2025-04-14 15:00:58,319: INFO: common: created directory at: artifacts]
[2025-04-14 15:00:58,321: INFO: common: created directory at: artifacts\training]
[2025-04-14 15:00:58,511: WARNING: saving_utils: Compiled the loaded model, but the compiled metrics have yet to be built. `model.compile_metrics` will be empty until you train or evaluate the model.]
[2025-04-14 15:01:00,329: ERROR: main: numpy() is only available when eager execution is enabled.]
Traceback (most recent call last):
  File "C:\PROJECT\Kidney-Disease-Classification-Deep-Learning-Project\main.py", line 42, in <module>
    model_trainer.main()
  File "c:\project\kidney-disease-classification-deep-learning-project\src\cnnClassifier\pipeline\stage_03_model_training.py", line 21, in main
    training.train()
  File "c:\project\kidney-disease-classification-deep-learning-project\src\cnnClassifier\components\model_training.py", line 76, in train
    self.model.fit(
  File "C:\Users\kurumeti\anaconda3\Lib\site-packages\keras\src\utils\traceback_utils.py", line 122, in error_handler
    raise e.with_traceback(filtered_tb) from None
  File "C:\Users\kurumeti\anaconda3\Lib\site-packages\keras\src\backend\tensorflow\core.py", line 155, in convert_to_numpy
    return np.array(x)
           ^^^^^^^^^^^
NotImplementedError: numpy() is only available when eager execution is enabled.
[2025-04-14 15:01:52,828: INFO: main: >>>>>> stage Data Ingestion stage started <<<<<<]
[2025-04-14 15:01:52,832: INFO: common: yaml file: config\config.yaml loaded successfully]
[2025-04-14 15:01:52,834: INFO: common: yaml file: params.yaml loaded successfully]
[2025-04-14 15:01:52,834: INFO: common: created directory at: artifacts]
[2025-04-14 15:01:52,834: INFO: common: created directory at: artifacts/data_ingestion]
[2025-04-14 15:01:52,838: INFO: data_ingestion: Downloading data from https://drive.google.com/file/d/1UHmcgFCaNvyCFs65-3scHFABfJ1r90FB/view?usp=sharing into file artifacts/data_ingestion/data.zip]
[2025-04-14 15:01:58,455: INFO: data_ingestion: Downloaded data from https://drive.google.com/file/d/1UHmcgFCaNvyCFs65-3scHFABfJ1r90FB/view?usp=sharing into file artifacts/data_ingestion/data.zip]
[2025-04-14 15:01:59,136: INFO: data_ingestion: Extracted zip file into: artifacts/data_ingestion/unzipped]
[2025-04-14 15:01:59,136: INFO: main: >>>>>> stage Data Ingestion stage completed <<<<<<

x==========x]
[2025-04-14 15:01:59,136: INFO: main: *******************]
[2025-04-14 15:01:59,136: INFO: main: >>>>>> stage Prepare base model started <<<<<<]
[2025-04-14 15:01:59,136: INFO: common: yaml file: config\config.yaml loaded successfully]
[2025-04-14 15:01:59,136: INFO: common: yaml file: params.yaml loaded successfully]
[2025-04-14 15:01:59,147: INFO: common: created directory at: artifacts]
[2025-04-14 15:01:59,147: INFO: common: created directory at: artifacts/prepare_base_model]
[2025-04-14 15:01:59,713: WARNING: saving_utils: Compiled the loaded model, but the compiled metrics have yet to be built. `model.compile_metrics` will be empty until you train or evaluate the model.]
[2025-04-14 15:01:59,983: INFO: main: >>>>>> stage Prepare base model completed <<<<<<

x==========x]
[2025-04-14 15:01:59,983: INFO: main: *******************]
[2025-04-14 15:01:59,983: INFO: main: >>>>>> stage Training started <<<<<<]
[2025-04-14 15:01:59,983: INFO: common: yaml file: config\config.yaml loaded successfully]
[2025-04-14 15:01:59,983: INFO: common: yaml file: params.yaml loaded successfully]
[2025-04-14 15:01:59,983: INFO: common: created directory at: artifacts]
[2025-04-14 15:01:59,991: INFO: common: created directory at: artifacts\training]
[2025-04-14 15:02:21,861: INFO: main: >>>>>> stage Training completed <<<<<<

x==========x]
[2025-04-17 12:45:22,705: INFO: main: >>>>>> stage Data Ingestion stage started <<<<<<]
[2025-04-17 12:45:22,726: INFO: common: yaml file: config\config.yaml loaded successfully]
[2025-04-17 12:45:22,737: INFO: common: yaml file: params.yaml loaded successfully]
[2025-04-17 12:45:22,738: INFO: common: created directory at: artifacts]
[2025-04-17 12:45:22,738: INFO: common: created directory at: artifacts/data_ingestion]
[2025-04-17 12:45:22,739: INFO: data_ingestion: Downloading data from https://drive.google.com/file/d/1UHmcgFCaNvyCFs65-3scHFABfJ1r90FB/view?usp=sharing into file artifacts/data_ingestion/data.zip]
[2025-04-17 12:45:33,021: INFO: data_ingestion: Downloaded data from https://drive.google.com/file/d/1UHmcgFCaNvyCFs65-3scHFABfJ1r90FB/view?usp=sharing into file artifacts/data_ingestion/data.zip]
[2025-04-17 12:45:33,423: INFO: data_ingestion: Extracted zip file into: artifacts/data_ingestion/unzipped]
[2025-04-17 12:45:33,423: INFO: main: >>>>>> stage Data Ingestion stage completed <<<<<<

x==========x]
[2025-04-17 12:45:33,423: INFO: main: *******************]
[2025-04-17 12:45:33,423: INFO: main: >>>>>> stage Prepare base model started <<<<<<]
[2025-04-17 12:45:33,429: INFO: common: yaml file: config\config.yaml loaded successfully]
[2025-04-17 12:45:33,429: INFO: common: yaml file: params.yaml loaded successfully]
[2025-04-17 12:45:33,429: INFO: common: created directory at: artifacts]
[2025-04-17 12:45:33,429: INFO: common: created directory at: artifacts/prepare_base_model]
[2025-04-17 12:45:33,746: WARNING: saving_utils: Compiled the loaded model, but the compiled metrics have yet to be built. `model.compile_metrics` will be empty until you train or evaluate the model.]
[2025-04-17 12:45:33,904: INFO: main: >>>>>> stage Prepare base model completed <<<<<<

x==========x]
[2025-04-17 12:45:33,905: INFO: main: *******************]
[2025-04-17 12:45:33,905: INFO: main: >>>>>> stage Training started <<<<<<]
[2025-04-17 12:45:33,906: INFO: common: yaml file: config\config.yaml loaded successfully]
[2025-04-17 12:45:33,907: INFO: common: yaml file: params.yaml loaded successfully]
[2025-04-17 12:45:33,907: INFO: common: created directory at: artifacts]
[2025-04-17 12:45:33,908: INFO: common: created directory at: artifacts\training]
[2025-04-17 12:45:49,114: INFO: main: >>>>>> stage Training completed <<<<<<

x==========x]
[2025-04-17 13:20:22,291: INFO: main: >>>>>> stage Data Ingestion stage started <<<<<<]
[2025-04-17 13:20:22,293: INFO: common: yaml file: config\config.yaml loaded successfully]
[2025-04-17 13:20:22,295: INFO: common: yaml file: params.yaml loaded successfully]
[2025-04-17 13:20:22,295: INFO: common: created directory at: artifacts]
[2025-04-17 13:20:22,299: INFO: common: created directory at: artifacts/data_ingestion]
[2025-04-17 13:20:22,299: INFO: data_ingestion: Downloading data from https://drive.google.com/file/d/1UHmcgFCaNvyCFs65-3scHFABfJ1r90FB/view?usp=sharing into file artifacts/data_ingestion/data.zip]
[2025-04-17 13:20:27,234: INFO: data_ingestion: Downloaded data from https://drive.google.com/file/d/1UHmcgFCaNvyCFs65-3scHFABfJ1r90FB/view?usp=sharing into file artifacts/data_ingestion/data.zip]
[2025-04-17 13:20:27,940: INFO: data_ingestion: Extracted zip file into: artifacts/data_ingestion/unzipped]
[2025-04-17 13:20:27,941: INFO: main: >>>>>> stage Data Ingestion stage completed <<<<<<

x==========x]
[2025-04-17 13:20:27,941: INFO: main: *******************]
[2025-04-17 13:20:27,941: INFO: main: >>>>>> stage Prepare base model started <<<<<<]
[2025-04-17 13:20:27,943: INFO: common: yaml file: config\config.yaml loaded successfully]
[2025-04-17 13:20:27,943: INFO: common: yaml file: params.yaml loaded successfully]
[2025-04-17 13:20:27,943: INFO: common: created directory at: artifacts]
[2025-04-17 13:20:27,943: INFO: common: created directory at: artifacts/prepare_base_model]
[2025-04-17 13:20:28,523: WARNING: saving_utils: Compiled the loaded model, but the compiled metrics have yet to be built. `model.compile_metrics` will be empty until you train or evaluate the model.]
[2025-04-17 13:20:28,808: INFO: main: >>>>>> stage Prepare base model completed <<<<<<

x==========x]
[2025-04-17 13:20:28,809: INFO: main: *******************]
[2025-04-17 13:20:28,809: INFO: main: >>>>>> stage Training started <<<<<<]
[2025-04-17 13:20:28,810: INFO: common: yaml file: config\config.yaml loaded successfully]
[2025-04-17 13:20:28,814: INFO: common: yaml file: params.yaml loaded successfully]
[2025-04-17 13:20:28,814: INFO: common: created directory at: artifacts]
[2025-04-17 13:20:28,814: INFO: common: created directory at: artifacts\training]
[2025-04-17 13:20:51,874: INFO: main: >>>>>> stage Training completed <<<<<<

x==========x]
[2025-04-23 07:12:42,556: INFO: main: >>>>>> stage Data Ingestion stage started <<<<<<]
[2025-04-23 07:12:42,574: INFO: common: yaml file: config\config.yaml loaded successfully]
[2025-04-23 07:12:42,576: INFO: common: yaml file: params.yaml loaded successfully]
[2025-04-23 07:12:42,577: INFO: common: created directory at: artifacts]
[2025-04-23 07:12:42,577: INFO: common: created directory at: artifacts/data_ingestion]
[2025-04-23 07:12:42,577: INFO: data_ingestion: Downloading data from https://drive.google.com/file/d/1UHmcgFCaNvyCFs65-3scHFABfJ1r90FB/view?usp=sharing into file artifacts/data_ingestion/data.zip]
[2025-04-23 07:12:48,484: INFO: data_ingestion: Downloaded data from https://drive.google.com/file/d/1UHmcgFCaNvyCFs65-3scHFABfJ1r90FB/view?usp=sharing into file artifacts/data_ingestion/data.zip]
[2025-04-23 07:12:48,834: INFO: data_ingestion: Extracted zip file into: artifacts/data_ingestion/unzipped]
[2025-04-23 07:12:48,834: INFO: main: >>>>>> stage Data Ingestion stage completed <<<<<<

x==========x]
[2025-04-23 07:12:48,834: INFO: main: *******************]
[2025-04-23 07:12:48,834: INFO: main: >>>>>> stage Prepare base model started <<<<<<]
[2025-04-23 07:12:48,850: INFO: common: yaml file: config\config.yaml loaded successfully]
[2025-04-23 07:12:48,850: INFO: common: yaml file: params.yaml loaded successfully]
[2025-04-23 07:12:48,850: INFO: common: created directory at: artifacts]
[2025-04-23 07:12:48,850: INFO: common: created directory at: artifacts/prepare_base_model]
[2025-04-23 07:12:49,194: WARNING: saving_utils: Compiled the loaded model, but the compiled metrics have yet to be built. `model.compile_metrics` will be empty until you train or evaluate the model.]
[2025-04-23 07:12:49,351: INFO: main: >>>>>> stage Prepare base model completed <<<<<<

x==========x]
[2025-04-23 07:12:49,351: INFO: main: *******************]
[2025-04-23 07:12:49,351: INFO: main: >>>>>> stage Training started <<<<<<]
[2025-04-23 07:12:49,351: INFO: common: yaml file: config\config.yaml loaded successfully]
[2025-04-23 07:12:49,355: INFO: common: yaml file: params.yaml loaded successfully]
[2025-04-23 07:12:49,356: INFO: common: created directory at: artifacts]
[2025-04-23 07:12:49,356: INFO: common: created directory at: artifacts\training]
[2025-04-23 07:13:05,386: INFO: main: >>>>>> stage Training completed <<<<<<

x==========x]
[2025-04-23 07:37:56,655: INFO: common: yaml file: config\config.yaml loaded successfully]
[2025-04-23 07:37:56,657: INFO: common: yaml file: params.yaml loaded successfully]
[2025-04-23 07:37:56,657: INFO: common: created directory at: artifacts]
[2025-04-23 08:08:47,414: INFO: main: >>>>>> stage Data Ingestion stage started <<<<<<]
[2025-04-23 08:08:47,414: INFO: common: yaml file: config\config.yaml loaded successfully]
[2025-04-23 08:08:47,414: INFO: common: yaml file: params.yaml loaded successfully]
[2025-04-23 08:08:47,414: INFO: common: created directory at: artifacts]
[2025-04-23 08:08:47,414: INFO: common: created directory at: artifacts/data_ingestion]
[2025-04-23 08:08:47,414: INFO: data_ingestion: Downloading data from https://drive.google.com/file/d/1UHmcgFCaNvyCFs65-3scHFABfJ1r90FB/view?usp=sharing into file artifacts/data_ingestion/data.zip]
[2025-04-23 08:08:53,063: INFO: data_ingestion: Downloaded data from https://drive.google.com/file/d/1UHmcgFCaNvyCFs65-3scHFABfJ1r90FB/view?usp=sharing into file artifacts/data_ingestion/data.zip]
[2025-04-23 08:08:53,440: INFO: data_ingestion: Extracted zip file into: artifacts/data_ingestion/unzipped]
[2025-04-23 08:08:53,440: INFO: main: >>>>>> stage Data Ingestion stage completed <<<<<<

x==========x]
[2025-04-23 08:08:53,440: INFO: main: *******************]
[2025-04-23 08:08:53,440: INFO: main: >>>>>> stage Prepare base model started <<<<<<]
[2025-04-23 08:08:53,440: INFO: common: yaml file: config\config.yaml loaded successfully]
[2025-04-23 08:08:53,440: INFO: common: yaml file: params.yaml loaded successfully]
[2025-04-23 08:08:53,440: INFO: common: created directory at: artifacts]
[2025-04-23 08:08:53,440: INFO: common: created directory at: artifacts/prepare_base_model]
[2025-04-23 08:08:53,717: WARNING: saving_utils: Compiled the loaded model, but the compiled metrics have yet to be built. `model.compile_metrics` will be empty until you train or evaluate the model.]
[2025-04-23 08:08:53,878: INFO: main: >>>>>> stage Prepare base model completed <<<<<<

x==========x]
[2025-04-23 08:08:53,878: INFO: main: *******************]
[2025-04-23 08:08:53,878: INFO: main: >>>>>> stage Training started <<<<<<]
[2025-04-23 08:08:53,880: INFO: common: yaml file: config\config.yaml loaded successfully]
[2025-04-23 08:08:53,881: INFO: common: yaml file: params.yaml loaded successfully]
[2025-04-23 08:08:53,881: INFO: common: created directory at: artifacts]
[2025-04-23 08:08:53,882: INFO: common: created directory at: artifacts\training]
[2025-04-23 08:09:08,266: INFO: main: >>>>>> stage Training completed <<<<<<

x==========x]
[2025-04-23 08:13:50,267: INFO: main: >>>>>> stage Data Ingestion stage started <<<<<<]
[2025-04-23 08:13:50,268: INFO: common: yaml file: config\config.yaml loaded successfully]
[2025-04-23 08:13:50,269: INFO: common: yaml file: params.yaml loaded successfully]
[2025-04-23 08:13:50,270: INFO: common: created directory at: artifacts]
[2025-04-23 08:13:50,270: INFO: common: created directory at: artifacts/data_ingestion]
[2025-04-23 08:13:50,270: INFO: data_ingestion: Downloading data from https://drive.google.com/file/d/1UHmcgFCaNvyCFs65-3scHFABfJ1r90FB/view?usp=sharing into file artifacts/data_ingestion/data.zip]
[2025-04-23 08:13:55,408: INFO: data_ingestion: Downloaded data from https://drive.google.com/file/d/1UHmcgFCaNvyCFs65-3scHFABfJ1r90FB/view?usp=sharing into file artifacts/data_ingestion/data.zip]
[2025-04-23 08:13:55,782: INFO: data_ingestion: Extracted zip file into: artifacts/data_ingestion/unzipped]
[2025-04-23 08:13:55,782: INFO: main: >>>>>> stage Data Ingestion stage completed <<<<<<

x==========x]
[2025-04-23 08:13:55,782: INFO: main: *******************]
[2025-04-23 08:13:55,782: INFO: main: >>>>>> stage Prepare base model started <<<<<<]
[2025-04-23 08:13:55,782: INFO: common: yaml file: config\config.yaml loaded successfully]
[2025-04-23 08:13:55,782: INFO: common: yaml file: params.yaml loaded successfully]
[2025-04-23 08:13:55,782: INFO: common: created directory at: artifacts]
[2025-04-23 08:13:55,782: INFO: common: created directory at: artifacts/prepare_base_model]
[2025-04-23 08:13:56,048: WARNING: saving_utils: Compiled the loaded model, but the compiled metrics have yet to be built. `model.compile_metrics` will be empty until you train or evaluate the model.]
[2025-04-23 08:13:56,186: INFO: main: >>>>>> stage Prepare base model completed <<<<<<

x==========x]
[2025-04-23 08:13:56,186: INFO: main: *******************]
[2025-04-23 08:13:56,186: INFO: main: >>>>>> stage Training started <<<<<<]
[2025-04-23 08:13:56,186: INFO: common: yaml file: config\config.yaml loaded successfully]
[2025-04-23 08:13:56,202: INFO: common: yaml file: params.yaml loaded successfully]
[2025-04-23 08:13:56,202: INFO: common: created directory at: artifacts]
[2025-04-23 08:13:56,203: INFO: common: created directory at: artifacts\training]
[2025-04-23 08:14:10,868: INFO: main: >>>>>> stage Training completed <<<<<<

x==========x]
[2025-04-23 08:14:10,868: INFO: main: *******************]
[2025-04-23 08:14:10,868: INFO: main: >>>>>> stage Evaluation stage started <<<<<<]
[2025-04-23 08:14:10,869: INFO: common: yaml file: config\config.yaml loaded successfully]
[2025-04-23 08:14:10,870: INFO: common: yaml file: params.yaml loaded successfully]
[2025-04-23 08:14:10,871: INFO: common: created directory at: artifacts]
[2025-04-23 08:14:11,062: ERROR: main: [WinError 3] The system cannot find the path specified: 'artifacts/data_ingestion/kidney-ct-scan-image']
Traceback (most recent call last):
  File "main.py", line 56, in <module>
    model_evalution.main()
  File "c:\project\kidney-disease-classification-deep-learning-project\src\cnnClassifier\pipeline\stage_04_model_evaluation.py", line 18, in main
    evaluation.evaluation()
  File "c:\project\kidney-disease-classification-deep-learning-project\src\cnnClassifier\components\model_evaluation_mlflow.py", line 47, in evaluation
    self._valid_generator()
  File "c:\project\kidney-disease-classification-deep-learning-project\src\cnnClassifier\components\model_evaluation_mlflow.py", line 32, in _valid_generator
    self.valid_generator = valid_datagenerator.flow_from_directory(
  File "C:\Users\kurumeti\anaconda3\envs\kidney\lib\site-packages\keras\preprocessing\image.py", line 1648, in flow_from_directory
    return DirectoryIterator(
  File "C:\Users\kurumeti\anaconda3\envs\kidney\lib\site-packages\keras\preprocessing\image.py", line 563, in __init__
    for subdir in sorted(os.listdir(directory)):
FileNotFoundError: [WinError 3] The system cannot find the path specified: 'artifacts/data_ingestion/kidney-ct-scan-image'
[2025-04-23 09:14:36,092: INFO: main: >>>>>> stage Data Ingestion stage started <<<<<<]
[2025-04-23 09:14:36,092: INFO: common: yaml file: config\config.yaml loaded successfully]
[2025-04-23 09:14:36,092: INFO: common: yaml file: params.yaml loaded successfully]
[2025-04-23 09:14:36,092: INFO: common: created directory at: artifacts]
[2025-04-23 09:14:36,092: INFO: common: created directory at: artifacts/data_ingestion]
[2025-04-23 09:14:36,092: INFO: data_ingestion: Downloading data from https://drive.google.com/file/d/1UHmcgFCaNvyCFs65-3scHFABfJ1r90FB/view?usp=sharing into file artifacts/data_ingestion/data.zip]
[2025-04-23 09:14:41,299: INFO: data_ingestion: Downloaded data from https://drive.google.com/file/d/1UHmcgFCaNvyCFs65-3scHFABfJ1r90FB/view?usp=sharing into file artifacts/data_ingestion/data.zip]
[2025-04-23 09:14:41,674: INFO: data_ingestion: Extracted zip file into: artifacts/data_ingestion/unzipped]
[2025-04-23 09:14:41,674: INFO: main: >>>>>> stage Data Ingestion stage completed <<<<<<

x==========x]
[2025-04-23 09:14:41,674: INFO: main: *******************]
[2025-04-23 09:14:41,674: INFO: main: >>>>>> stage Prepare base model started <<<<<<]
[2025-04-23 09:14:41,674: INFO: common: yaml file: config\config.yaml loaded successfully]
[2025-04-23 09:14:41,674: INFO: common: yaml file: params.yaml loaded successfully]
[2025-04-23 09:14:41,674: INFO: common: created directory at: artifacts]
[2025-04-23 09:14:41,674: INFO: common: created directory at: artifacts/prepare_base_model]
[2025-04-23 09:14:41,958: WARNING: saving_utils: Compiled the loaded model, but the compiled metrics have yet to be built. `model.compile_metrics` will be empty until you train or evaluate the model.]
[2025-04-23 09:14:42,126: INFO: main: >>>>>> stage Prepare base model completed <<<<<<

x==========x]
[2025-04-23 09:14:42,126: INFO: main: *******************]
[2025-04-23 09:14:42,127: INFO: main: >>>>>> stage Training started <<<<<<]
[2025-04-23 09:14:42,128: INFO: common: yaml file: config\config.yaml loaded successfully]
[2025-04-23 09:14:42,129: INFO: common: yaml file: params.yaml loaded successfully]
[2025-04-23 09:14:42,130: INFO: common: created directory at: artifacts]
[2025-04-23 09:14:42,130: INFO: common: created directory at: artifacts\training]
[2025-04-23 09:14:56,504: INFO: main: >>>>>> stage Training completed <<<<<<

x==========x]
[2025-04-23 09:14:56,504: INFO: main: *******************]
[2025-04-23 09:14:56,504: INFO: main: >>>>>> stage Evaluation stage started <<<<<<]
[2025-04-23 09:14:56,506: INFO: common: yaml file: config\config.yaml loaded successfully]
[2025-04-23 09:14:56,506: INFO: common: yaml file: params.yaml loaded successfully]
[2025-04-23 09:14:56,507: INFO: common: created directory at: artifacts]
[2025-04-23 09:15:00,935: INFO: common: json file saved at: scores.json]
[2025-04-23 09:15:00,935: INFO: common: json file saved at: scores.json]
[2025-04-23 09:15:00,935: INFO: main: >>>>>> stage Evaluation stage completed <<<<<<

x==========x]
[2025-04-23 09:17:39,831: INFO: common: yaml file: config\config.yaml loaded successfully]
[2025-04-23 09:17:39,834: INFO: common: yaml file: params.yaml loaded successfully]
[2025-04-23 09:17:39,834: INFO: common: created directory at: artifacts]
[2025-04-23 09:17:44,442: INFO: common: json file saved at: scores.json]
[2025-04-23 10:02:08,531: INFO: common: yaml file: config\config.yaml loaded successfully]
[2025-04-23 10:02:08,534: INFO: common: yaml file: params.yaml loaded successfully]
[2025-04-23 10:02:08,535: INFO: common: created directory at: artifacts]
[2025-04-23 10:02:13,076: INFO: common: json file saved at: scores.json]
[2025-04-24 05:46:29,490: INFO: main: >>>>>> stage Data Ingestion stage started <<<<<<]
[2025-04-24 05:46:29,490: INFO: common: yaml file: config\config.yaml loaded successfully]
[2025-04-24 05:46:29,511: INFO: common: yaml file: params.yaml loaded successfully]
[2025-04-24 05:46:29,512: INFO: common: created directory at: artifacts]
[2025-04-24 05:46:29,512: INFO: common: created directory at: artifacts/data_ingestion]
[2025-04-24 05:46:29,512: INFO: data_ingestion: Downloading data from https://drive.google.com/file/d/1UHmcgFCaNvyCFs65-3scHFABfJ1r90FB/view?usp=sharing into file artifacts/data_ingestion/data.zip]
[2025-04-24 05:46:34,991: INFO: data_ingestion: Downloaded data from https://drive.google.com/file/d/1UHmcgFCaNvyCFs65-3scHFABfJ1r90FB/view?usp=sharing into file artifacts/data_ingestion/data.zip]
[2025-04-24 05:46:35,375: INFO: data_ingestion: Extracted zip file into: artifacts/data_ingestion/unzipped]
[2025-04-24 05:46:35,375: INFO: main: >>>>>> stage Data Ingestion stage completed <<<<<<

x==========x]
[2025-04-24 05:46:35,375: INFO: main: *******************]
[2025-04-24 05:46:35,375: INFO: main: >>>>>> stage Prepare base model started <<<<<<]
[2025-04-24 05:46:35,375: INFO: common: yaml file: config\config.yaml loaded successfully]
[2025-04-24 05:46:35,375: INFO: common: yaml file: params.yaml loaded successfully]
[2025-04-24 05:46:35,375: INFO: common: created directory at: artifacts]
[2025-04-24 05:46:35,375: INFO: common: created directory at: artifacts/prepare_base_model]
[2025-04-24 05:46:35,666: WARNING: saving_utils: Compiled the loaded model, but the compiled metrics have yet to be built. `model.compile_metrics` will be empty until you train or evaluate the model.]
[2025-04-24 05:46:35,807: INFO: main: >>>>>> stage Prepare base model completed <<<<<<

x==========x]
[2025-04-24 05:46:35,807: INFO: main: *******************]
[2025-04-24 05:46:35,807: INFO: main: >>>>>> stage Training started <<<<<<]
[2025-04-24 05:46:35,807: INFO: common: yaml file: config\config.yaml loaded successfully]
[2025-04-24 05:46:35,807: INFO: common: yaml file: params.yaml loaded successfully]
[2025-04-24 05:46:35,807: INFO: common: created directory at: artifacts]
[2025-04-24 05:46:35,822: INFO: common: created directory at: artifacts\training]
[2025-04-24 05:46:50,077: INFO: main: >>>>>> stage Training completed <<<<<<

x==========x]
[2025-04-24 05:46:50,077: INFO: main: *******************]
[2025-04-24 05:46:50,077: INFO: main: >>>>>> stage Evaluation stage started <<<<<<]
[2025-04-24 05:46:50,077: INFO: common: yaml file: config\config.yaml loaded successfully]
[2025-04-24 05:46:50,088: INFO: common: yaml file: params.yaml loaded successfully]
[2025-04-24 05:46:50,088: INFO: common: created directory at: artifacts]
[2025-04-24 05:46:54,473: INFO: common: json file saved at: scores.json]
[2025-04-24 05:46:54,473: INFO: common: json file saved at: scores.json]
[2025-04-24 05:46:54,473: INFO: main: >>>>>> stage Evaluation stage completed <<<<<<

x==========x]
[2025-04-24 05:47:58,545: INFO: common: yaml file: config\config.yaml loaded successfully]
[2025-04-24 05:47:58,546: INFO: common: yaml file: params.yaml loaded successfully]
[2025-04-24 05:47:58,546: INFO: common: created directory at: artifacts]
[2025-04-24 05:48:45,038: INFO: common: yaml file: config\config.yaml loaded successfully]
[2025-04-24 05:48:45,041: INFO: common: yaml file: params.yaml loaded successfully]
[2025-04-24 05:48:45,041: INFO: common: created directory at: artifacts]
[2025-04-24 05:48:49,444: INFO: common: json file saved at: scores.json]
[2025-04-24 05:53:41,835: INFO: common: yaml file: config\config.yaml loaded successfully]
[2025-04-24 05:53:41,837: INFO: common: yaml file: params.yaml loaded successfully]
[2025-04-24 05:53:41,838: INFO: common: created directory at: artifacts]
[2025-04-24 05:53:46,237: INFO: common: json file saved at: scores.json]
[2025-04-24 05:55:35,952: INFO: common: yaml file: config\config.yaml loaded successfully]
[2025-04-24 05:55:35,954: INFO: common: yaml file: params.yaml loaded successfully]
[2025-04-24 05:55:35,955: INFO: common: created directory at: artifacts]
[2025-04-24 05:55:40,324: INFO: common: json file saved at: scores.json]
[2025-04-24 06:06:30,677: INFO: common: yaml file: config\config.yaml loaded successfully]
[2025-04-24 06:06:30,679: INFO: common: yaml file: params.yaml loaded successfully]
[2025-04-24 06:06:30,679: INFO: common: created directory at: artifacts]
[2025-04-24 06:06:35,098: INFO: common: json file saved at: scores.json]
[2025-04-24 06:10:27,062: INFO: common: yaml file: config\config.yaml loaded successfully]
[2025-04-24 06:10:27,065: INFO: common: yaml file: params.yaml loaded successfully]
[2025-04-24 06:10:27,065: INFO: common: created directory at: artifacts]
[2025-04-24 06:10:31,569: INFO: common: json file saved at: scores.json]
[2025-04-24 06:18:34,555: INFO: common: yaml file: config\config.yaml loaded successfully]
[2025-04-24 06:18:34,558: INFO: common: yaml file: params.yaml loaded successfully]
[2025-04-24 06:18:34,559: INFO: common: created directory at: artifacts]
[2025-04-24 06:19:59,624: INFO: common: yaml file: config\config.yaml loaded successfully]
[2025-04-24 06:19:59,626: INFO: common: yaml file: params.yaml loaded successfully]
[2025-04-24 06:19:59,628: INFO: common: created directory at: artifacts]
[2025-04-24 06:20:04,080: INFO: common: json file saved at: scores.json]
[2025-04-24 06:28:47,522: INFO: common: yaml file: config\config.yaml loaded successfully]
[2025-04-24 06:28:47,524: INFO: common: yaml file: params.yaml loaded successfully]
[2025-04-24 06:28:47,526: INFO: common: created directory at: artifacts]
[2025-04-24 06:28:51,944: INFO: common: json file saved at: scores.json]
[2025-04-24 06:42:08,612: INFO: common: yaml file: config\config.yaml loaded successfully]
[2025-04-24 06:42:08,616: INFO: common: yaml file: params.yaml loaded successfully]
[2025-04-24 06:42:08,616: INFO: common: created directory at: artifacts]
[2025-04-24 06:42:13,081: INFO: common: json file saved at: scores.json]
[2025-04-24 06:44:45,722: INFO: common: yaml file: config\config.yaml loaded successfully]
[2025-04-24 06:44:45,724: INFO: common: yaml file: params.yaml loaded successfully]
[2025-04-24 06:44:45,726: INFO: common: created directory at: artifacts]
[2025-04-24 06:44:50,211: INFO: common: json file saved at: scores.json]
[2025-04-29 07:52:03,657: INFO: common: yaml file: config\config.yaml loaded successfully]
[2025-04-29 07:52:03,657: INFO: common: yaml file: params.yaml loaded successfully]
[2025-04-29 07:52:03,662: INFO: common: created directory at: artifacts]
[2025-04-29 07:52:08,330: INFO: common: json file saved at: scores.json]
[2025-04-29 07:54:19,417: INFO: common: yaml file: config\config.yaml loaded successfully]
[2025-04-29 07:54:19,417: INFO: common: yaml file: params.yaml loaded successfully]
[2025-04-29 07:54:19,417: INFO: common: created directory at: artifacts]
[2025-04-29 07:54:23,895: INFO: common: json file saved at: scores.json]
[2025-04-29 07:56:08,901: INFO: main: >>>>>> stage Data Ingestion stage started <<<<<<]
[2025-04-29 07:56:08,901: INFO: common: yaml file: config\config.yaml loaded successfully]
[2025-04-29 07:56:08,901: INFO: common: yaml file: params.yaml loaded successfully]
[2025-04-29 07:56:08,901: INFO: common: created directory at: artifacts]
[2025-04-29 07:56:08,901: INFO: common: created directory at: artifacts/data_ingestion]
[2025-04-29 07:56:08,901: INFO: data_ingestion: Downloading data from https://drive.google.com/file/d/1UHmcgFCaNvyCFs65-3scHFABfJ1r90FB/view?usp=sharing into file artifacts/data_ingestion/data.zip]
[2025-04-29 07:56:18,106: INFO: data_ingestion: Downloaded data from https://drive.google.com/file/d/1UHmcgFCaNvyCFs65-3scHFABfJ1r90FB/view?usp=sharing into file artifacts/data_ingestion/data.zip]
[2025-04-29 07:56:18,467: INFO: data_ingestion: Extracted zip file into: artifacts/data_ingestion/unzipped]
[2025-04-29 07:56:18,467: INFO: main: >>>>>> stage Data Ingestion stage completed <<<<<<

x==========x]
[2025-04-29 07:56:18,467: INFO: main: *******************]
[2025-04-29 07:56:18,467: INFO: main: >>>>>> stage Prepare base model started <<<<<<]
[2025-04-29 07:56:18,467: INFO: common: yaml file: config\config.yaml loaded successfully]
[2025-04-29 07:56:18,467: INFO: common: yaml file: params.yaml loaded successfully]
[2025-04-29 07:56:18,467: INFO: common: created directory at: artifacts]
[2025-04-29 07:56:18,467: INFO: common: created directory at: artifacts/prepare_base_model]
[2025-04-29 07:56:18,778: WARNING: saving_utils: Compiled the loaded model, but the compiled metrics have yet to be built. `model.compile_metrics` will be empty until you train or evaluate the model.]
[2025-04-29 07:56:18,934: INFO: main: >>>>>> stage Prepare base model completed <<<<<<

x==========x]
[2025-04-29 07:56:18,934: INFO: main: *******************]
[2025-04-29 07:56:18,934: INFO: main: >>>>>> stage Training started <<<<<<]
[2025-04-29 07:56:18,934: INFO: common: yaml file: config\config.yaml loaded successfully]
[2025-04-29 07:56:18,934: INFO: common: yaml file: params.yaml loaded successfully]
[2025-04-29 07:56:18,947: INFO: common: created directory at: artifacts]
[2025-04-29 07:56:18,947: INFO: common: created directory at: artifacts\training]
[2025-04-29 07:56:34,145: INFO: main: >>>>>> stage Training completed <<<<<<

x==========x]
[2025-04-29 07:56:34,145: INFO: main: *******************]
[2025-04-29 07:56:34,146: INFO: main: >>>>>> stage Evaluation stage started <<<<<<]
[2025-04-29 07:56:34,147: INFO: common: yaml file: config\config.yaml loaded successfully]
[2025-04-29 07:56:34,148: INFO: common: yaml file: params.yaml loaded successfully]
[2025-04-29 07:56:34,148: INFO: common: created directory at: artifacts]
[2025-04-29 07:56:38,957: INFO: common: json file saved at: scores.json]
[2025-04-29 07:56:38,957: INFO: common: json file saved at: scores.json]
[2025-04-29 07:56:38,957: INFO: main: >>>>>> stage Evaluation stage completed <<<<<<

x==========x]
[2025-04-29 08:07:56,429: INFO: _client: HTTP Request: GET https://dagshub.com/api/v1/user "HTTP/1.1 401 Unauthorized"]
[2025-04-29 08:08:32,797: INFO: _client: HTTP Request: POST https://dagshub.com/login/oauth/middleman "HTTP/1.1 200 OK"]
[2025-04-29 08:08:33,106: INFO: _client: HTTP Request: POST https://dagshub.com/login/oauth/access_token "HTTP/1.1 200 OK"]
[2025-04-29 08:08:33,379: INFO: _client: HTTP Request: GET https://dagshub.com/api/v1/user "HTTP/1.1 200 OK"]
[2025-04-29 08:08:33,384: INFO: helpers: Accessing as kuru-krishna]
[2025-04-29 08:08:33,768: INFO: _client: HTTP Request: GET https://dagshub.com/api/v1/repos/kuru-krishna/Kidney-Disease-Classification-Deep-Learning-Project "HTTP/1.1 200 OK"]
[2025-04-29 08:08:34,438: INFO: _client: HTTP Request: GET https://dagshub.com/api/v1/user "HTTP/1.1 200 OK"]
[2025-04-29 08:08:34,453: INFO: helpers: Initialized MLflow to track repo "kuru-krishna/Kidney-Disease-Classification-Deep-Learning-Project"]
[2025-04-29 08:08:34,453: INFO: helpers: Repository kuru-krishna/Kidney-Disease-Classification-Deep-Learning-Project initialized!]
[2025-04-29 08:08:34,534: WARNING: connectionpool: Retrying (Retry(total=4, connect=5, read=4, redirect=5, status=5)) after connection broken by 'ProtocolError('Connection aborted.', ConnectionResetError(10054, 'An existing connection was forcibly closed by the remote host', None, 10054, None))': /kuru-krishna/Kidney-Disease-Classification-Deep-Learning-Project.mlflow/api/2.0/mlflow/runs/create]
[2025-04-29 08:08:57,005: INFO: _client: HTTP Request: GET https://dagshub.com/api/v1/repos/kuru-krishna/Kidney-Disease-Classification-Deep-Learning-Project "HTTP/1.1 200 OK"]
[2025-04-29 08:08:57,008: INFO: helpers: Initialized MLflow to track repo "kuru-krishna/Kidney-Disease-Classification-Deep-Learning-Project"]
[2025-04-29 08:08:57,008: INFO: helpers: Repository kuru-krishna/Kidney-Disease-Classification-Deep-Learning-Project initialized!]
[2025-04-29 08:14:23,898: INFO: _client: HTTP Request: GET https://dagshub.com/api/v1/repos/kuru-krishna/Kidney-Disease-Classification-Deep-Learning-Project "HTTP/1.1 200 OK"]
[2025-04-29 08:14:23,898: INFO: helpers: Initialized MLflow to track repo "kuru-krishna/Kidney-Disease-Classification-Deep-Learning-Project"]
[2025-04-29 08:14:23,898: INFO: helpers: Repository kuru-krishna/Kidney-Disease-Classification-Deep-Learning-Project initialized!]
[2025-04-29 08:15:17,858: INFO: _client: HTTP Request: GET https://dagshub.com/api/v1/repos/kuru-krishna/Kidney-Disease-Classification-Deep-Learning-Project "HTTP/1.1 200 OK"]
[2025-04-29 08:15:17,860: INFO: helpers: Initialized MLflow to track repo "kuru-krishna/Kidney-Disease-Classification-Deep-Learning-Project"]
[2025-04-29 08:15:17,860: INFO: helpers: Repository kuru-krishna/Kidney-Disease-Classification-Deep-Learning-Project initialized!]
[2025-04-29 08:16:39,681: INFO: _client: HTTP Request: GET https://dagshub.com/api/v1/repos/kuru-krishna/Kidney-Disease-Classification-Deep-Learning-Project "HTTP/1.1 200 OK"]
[2025-04-29 08:16:39,684: INFO: helpers: Initialized MLflow to track repo "kuru-krishna/Kidney-Disease-Classification-Deep-Learning-Project"]
[2025-04-29 08:16:39,685: INFO: helpers: Repository kuru-krishna/Kidney-Disease-Classification-Deep-Learning-Project initialized!]
[2025-04-29 08:38:35,700: INFO: common: yaml file: config\config.yaml loaded successfully]
[2025-04-29 08:38:35,703: INFO: common: yaml file: params.yaml loaded successfully]
[2025-04-29 08:38:35,704: INFO: common: created directory at: artifacts]
[2025-04-29 08:39:38,270: INFO: common: yaml file: config\config.yaml loaded successfully]
[2025-04-29 08:39:38,271: INFO: common: yaml file: params.yaml loaded successfully]
[2025-04-29 08:39:38,272: INFO: common: created directory at: artifacts]
[2025-04-29 08:39:42,711: INFO: common: json file saved at: scores.json]
[2025-04-29 08:39:42,729: WARNING: connectionpool: Retrying (Retry(total=4, connect=5, read=4, redirect=5, status=5)) after connection broken by 'ProtocolError('Connection aborted.', ConnectionResetError(10054, 'An existing connection was forcibly closed by the remote host', None, 10054, None))': /kuru-krishna/Kidney-Disease-Classification-Deep-Learning-Project.mlflow/api/2.0/mlflow/runs/create]
[2025-04-29 08:46:57,823: INFO: common: yaml file: config\config.yaml loaded successfully]
[2025-04-29 08:46:57,825: INFO: common: yaml file: params.yaml loaded successfully]
[2025-04-29 08:46:57,826: INFO: common: created directory at: artifacts]
[2025-04-29 08:47:02,257: INFO: common: json file saved at: scores.json]
[2025-04-29 22:52:42,060: INFO: common: yaml file: config\config.yaml loaded successfully]
[2025-04-29 22:52:42,064: INFO: common: yaml file: params.yaml loaded successfully]
[2025-04-29 22:52:42,066: INFO: common: created directory at: artifacts]
[2025-04-29 22:52:49,246: INFO: common: json file saved at: scores.json]
[2025-04-29 22:56:00,481: INFO: common: yaml file: config\config.yaml loaded successfully]
[2025-04-29 22:56:00,490: INFO: common: yaml file: params.yaml loaded successfully]
[2025-04-29 22:56:00,493: INFO: common: created directory at: artifacts]
[2025-04-29 22:56:07,283: INFO: common: json file saved at: scores.json]
[2025-04-29 23:00:18,946: INFO: common: yaml file: config\config.yaml loaded successfully]
[2025-04-29 23:00:18,953: INFO: common: yaml file: params.yaml loaded successfully]
[2025-04-29 23:00:18,956: INFO: common: created directory at: artifacts]
[2025-04-29 23:00:25,844: INFO: common: json file saved at: scores.json]
[2025-04-29 23:31:47,949: INFO: common: yaml file: config\config.yaml loaded successfully]
[2025-04-29 23:31:47,959: INFO: common: yaml file: params.yaml loaded successfully]
[2025-04-29 23:31:47,959: INFO: common: created directory at: artifacts]
[2025-04-29 23:31:54,882: INFO: common: json file saved at: scores.json]
[2025-04-29 23:53:38,761: INFO: _client: HTTP Request: GET https://dagshub.com/api/v1/repos/kuru-krishna/Kidney-Disease-Classification-Deep-Learning-Project "HTTP/1.1 200 OK"]
[2025-04-29 23:53:38,761: INFO: helpers: Initialized MLflow to track repo "kuru-krishna/Kidney-Disease-Classification-Deep-Learning-Project"]
[2025-04-29 23:53:38,778: INFO: helpers: Repository kuru-krishna/Kidney-Disease-Classification-Deep-Learning-Project initialized!]
[2025-04-29 23:54:15,099: INFO: common: yaml file: config\config.yaml loaded successfully]
[2025-04-29 23:54:15,104: INFO: common: yaml file: params.yaml loaded successfully]
[2025-04-29 23:54:15,106: INFO: common: created directory at: artifacts]
[2025-04-29 23:54:21,689: INFO: common: json file saved at: scores.json]
[2025-04-29 23:54:21,725: WARNING: connectionpool: Retrying (Retry(total=4, connect=5, read=4, redirect=5, status=5)) after connection broken by 'ProtocolError('Connection aborted.', ConnectionResetError(10054, 'An existing connection was forcibly closed by the remote host', None, 10054, None))': /kuru-krishna/Kidney-Disease-Classification-Deep-Learning-Project.mlflow/api/2.0/mlflow/runs/create]
[2025-04-30 00:01:55,987: INFO: _client: HTTP Request: GET https://dagshub.com/api/v1/repos/kuru-krishna/Kidney-Disease-Classification-Deep-Learning-Project "HTTP/1.1 200 OK"]
[2025-04-30 00:01:56,002: INFO: helpers: Initialized MLflow to track repo "kuru-krishna/Kidney-Disease-Classification-Deep-Learning-Project"]
[2025-04-30 00:01:56,002: INFO: helpers: Repository kuru-krishna/Kidney-Disease-Classification-Deep-Learning-Project initialized!]
[2025-04-30 00:02:11,292: INFO: common: yaml file: config\config.yaml loaded successfully]
[2025-04-30 00:02:11,296: INFO: common: yaml file: params.yaml loaded successfully]
[2025-04-30 00:02:11,299: INFO: common: created directory at: artifacts]
[2025-04-30 00:02:17,967: INFO: common: json file saved at: scores.json]
[2025-04-30 11:13:35,025: INFO: common: yaml file: config\config.yaml loaded successfully]
[2025-04-30 11:13:35,026: INFO: common: yaml file: params.yaml loaded successfully]
[2025-04-30 11:13:35,027: INFO: common: created directory at: artifacts]
[2025-04-30 11:13:39,640: INFO: common: json file saved at: scores.json]
[2025-04-30 13:33:49,584: INFO: main: >>>>>> stage Data Ingestion stage started <<<<<<]
[2025-04-30 13:33:49,584: INFO: common: yaml file: config\config.yaml loaded successfully]
[2025-04-30 13:33:49,584: INFO: common: yaml file: params.yaml loaded successfully]
[2025-04-30 13:33:49,584: INFO: common: created directory at: artifacts]
[2025-04-30 13:33:49,584: INFO: common: created directory at: artifacts/data_ingestion]
[2025-04-30 13:33:49,584: INFO: data_ingestion: Downloading data from https://drive.google.com/file/d/1UHmcgFCaNvyCFs65-3scHFABfJ1r90FB/view?usp=sharing into file artifacts/data_ingestion/data.zip]
[2025-04-30 13:33:52,888: INFO: data_ingestion: Downloaded data from https://drive.google.com/file/d/1UHmcgFCaNvyCFs65-3scHFABfJ1r90FB/view?usp=sharing into file artifacts/data_ingestion/data.zip]
[2025-04-30 13:33:53,261: INFO: data_ingestion: Extracted zip file into: artifacts/data_ingestion/unzipped]
[2025-04-30 13:33:53,261: INFO: main: >>>>>> stage Data Ingestion stage completed <<<<<<

x==========x]
[2025-04-30 13:33:53,261: INFO: main: *******************]
[2025-04-30 13:33:53,261: INFO: main: >>>>>> stage Prepare base model started <<<<<<]
[2025-04-30 13:33:53,261: INFO: common: yaml file: config\config.yaml loaded successfully]
[2025-04-30 13:33:53,261: INFO: common: yaml file: params.yaml loaded successfully]
[2025-04-30 13:33:53,261: INFO: common: created directory at: artifacts]
[2025-04-30 13:33:53,261: INFO: common: created directory at: artifacts/prepare_base_model]
[2025-04-30 13:33:53,550: WARNING: saving_utils: Compiled the loaded model, but the compiled metrics have yet to be built. `model.compile_metrics` will be empty until you train or evaluate the model.]
[2025-04-30 13:33:53,704: INFO: main: >>>>>> stage Prepare base model completed <<<<<<

x==========x]
[2025-04-30 13:33:53,704: INFO: main: *******************]
[2025-04-30 13:33:53,704: INFO: main: >>>>>> stage Training started <<<<<<]
[2025-04-30 13:33:53,704: INFO: common: yaml file: config\config.yaml loaded successfully]
[2025-04-30 13:33:53,704: INFO: common: yaml file: params.yaml loaded successfully]
[2025-04-30 13:33:53,708: INFO: common: created directory at: artifacts]
[2025-04-30 13:33:53,708: INFO: common: created directory at: artifacts\training]
[2025-04-30 13:34:08,546: INFO: main: >>>>>> stage Training completed <<<<<<

x==========x]
[2025-04-30 13:34:08,546: INFO: main: *******************]
[2025-04-30 13:34:08,546: INFO: main: >>>>>> stage Evaluation stage started <<<<<<]
[2025-04-30 13:34:08,547: INFO: common: yaml file: config\config.yaml loaded successfully]
[2025-04-30 13:34:08,549: INFO: common: yaml file: params.yaml loaded successfully]
[2025-04-30 13:34:08,549: INFO: common: created directory at: artifacts]
[2025-04-30 13:34:13,085: INFO: common: json file saved at: scores.json]
[2025-04-30 13:34:13,085: INFO: common: json file saved at: scores.json]
[2025-04-30 13:34:13,085: INFO: main: >>>>>> stage Evaluation stage completed <<<<<<

x==========x]
[2025-04-30 13:36:25,734: INFO: common: yaml file: config\config.yaml loaded successfully]
[2025-04-30 13:36:25,737: INFO: common: yaml file: params.yaml loaded successfully]
[2025-04-30 13:36:25,738: INFO: common: created directory at: artifacts]
[2025-04-30 13:37:04,276: INFO: common: yaml file: config\config.yaml loaded successfully]
[2025-04-30 13:37:04,280: INFO: common: yaml file: params.yaml loaded successfully]
[2025-04-30 13:37:04,281: INFO: common: created directory at: artifacts]
[2025-04-30 13:37:08,826: INFO: common: json file saved at: scores.json]
[2025-04-30 13:45:48,544: INFO: _client: HTTP Request: GET https://dagshub.com/api/v1/user "HTTP/1.1 401 Unauthorized"]
[2025-05-02 05:36:18,091: INFO: common: yaml file: config\config.yaml loaded successfully]
[2025-05-02 05:36:18,099: INFO: common: yaml file: params.yaml loaded successfully]
[2025-05-02 05:36:18,101: INFO: common: created directory at: artifacts]
[2025-05-02 05:36:22,884: INFO: common: json file saved at: scores.json]
[2025-05-02 11:16:37,952: INFO: common: yaml file: config\config.yaml loaded successfully]
[2025-05-02 11:16:37,956: INFO: common: yaml file: params.yaml loaded successfully]
[2025-05-02 11:16:37,958: INFO: common: created directory at: artifacts]
[2025-05-02 11:16:44,729: INFO: common: json file saved at: scores.json]
[2025-05-02 11:16:44,767: WARNING: connectionpool: Retrying (Retry(total=4, connect=5, read=4, redirect=5, status=5)) after connection broken by 'ProtocolError('Connection aborted.', ConnectionResetError(10054, 'An existing connection was forcibly closed by the remote host', None, 10054, None))': /kuru-krishna/Kidney-Disease-Classification-Deep-Learning-Project.mlflow/api/2.0/mlflow/runs/create]
[2025-05-09 10:57:56,622: INFO: main: >>>>>> stage Data Ingestion stage started <<<<<<]
[2025-05-09 10:57:56,645: INFO: common: yaml file: config\config.yaml loaded successfully]
[2025-05-09 10:57:56,647: INFO: common: yaml file: params.yaml loaded successfully]
[2025-05-09 10:57:56,647: INFO: common: created directory at: artifacts]
[2025-05-09 10:57:56,648: INFO: common: created directory at: artifacts/data_ingestion]
[2025-05-09 10:57:56,648: INFO: data_ingestion: Downloading data from https://drive.google.com/file/d/1UHmcgFCaNvyCFs65-3scHFABfJ1r90FB/view?usp=sharing into file artifacts/data_ingestion/data.zip]
[2025-05-09 10:58:05,618: INFO: data_ingestion: Downloaded data from https://drive.google.com/file/d/1UHmcgFCaNvyCFs65-3scHFABfJ1r90FB/view?usp=sharing into file artifacts/data_ingestion/data.zip]
[2025-05-09 10:58:06,014: INFO: data_ingestion: Extracted zip file into: artifacts/data_ingestion/unzipped]
[2025-05-09 10:58:06,014: INFO: main: >>>>>> stage Data Ingestion stage completed <<<<<<

x==========x]
[2025-05-09 10:58:06,014: INFO: main: *******************]
[2025-05-09 10:58:06,014: INFO: main: >>>>>> stage Prepare base model started <<<<<<]
[2025-05-09 10:58:06,014: INFO: common: yaml file: config\config.yaml loaded successfully]
[2025-05-09 10:58:06,014: INFO: common: yaml file: params.yaml loaded successfully]
[2025-05-09 10:58:06,014: INFO: common: created directory at: artifacts]
[2025-05-09 10:58:06,014: INFO: common: created directory at: artifacts/prepare_base_model]
[2025-05-09 10:58:06,343: WARNING: saving_utils: Compiled the loaded model, but the compiled metrics have yet to be built. `model.compile_metrics` will be empty until you train or evaluate the model.]
[2025-05-09 10:58:06,511: INFO: main: >>>>>> stage Prepare base model completed <<<<<<

x==========x]
[2025-05-09 10:58:06,511: INFO: main: *******************]
[2025-05-09 10:58:06,511: INFO: main: >>>>>> stage Training started <<<<<<]
[2025-05-09 10:58:06,511: INFO: common: yaml file: config\config.yaml loaded successfully]
[2025-05-09 10:58:06,511: INFO: common: yaml file: params.yaml loaded successfully]
[2025-05-09 10:58:06,511: INFO: common: created directory at: artifacts]
[2025-05-09 10:58:06,511: INFO: common: created directory at: artifacts\training]
[2025-05-09 10:58:22,359: INFO: main: >>>>>> stage Training completed <<<<<<

x==========x]
[2025-05-09 10:58:22,359: INFO: main: *******************]
[2025-05-09 10:58:22,359: INFO: main: >>>>>> stage Evaluation stage started <<<<<<]
[2025-05-09 10:58:22,359: INFO: common: yaml file: config\config.yaml loaded successfully]
[2025-05-09 10:58:22,359: INFO: common: yaml file: params.yaml loaded successfully]
[2025-05-09 10:58:22,359: INFO: common: created directory at: artifacts]
[2025-05-09 10:58:27,156: INFO: common: json file saved at: scores.json]
[2025-05-09 10:58:27,156: INFO: common: json file saved at: scores.json]
[2025-05-09 10:58:27,156: INFO: main: >>>>>> stage Evaluation stage completed <<<<<<

x==========x]
[2025-05-09 19:42:34,211: INFO: stage_01_data_ingestion: >>>>>> stage Data Ingestion stage started <<<<<<]
[2025-05-09 19:42:34,211: INFO: common: yaml file: config\config.yaml loaded successfully]
[2025-05-09 19:42:34,217: INFO: common: yaml file: params.yaml loaded successfully]
[2025-05-09 19:42:34,217: INFO: common: created directory at: artifacts]
[2025-05-09 19:42:34,217: INFO: common: created directory at: artifacts/data_ingestion]
[2025-05-09 19:42:34,224: INFO: data_ingestion: Downloading data from https://drive.google.com/file/d/1UHmcgFCaNvyCFs65-3scHFABfJ1r90FB/view?usp=sharing into file artifacts/data_ingestion/data.zip]
[2025-05-09 19:42:42,607: INFO: data_ingestion: Downloaded data from https://drive.google.com/file/d/1UHmcgFCaNvyCFs65-3scHFABfJ1r90FB/view?usp=sharing into file artifacts/data_ingestion/data.zip]
[2025-05-09 19:42:43,345: INFO: data_ingestion: Extracted zip file into: artifacts/data_ingestion/unzipped]
[2025-05-09 19:42:43,345: INFO: stage_01_data_ingestion: >>>>>> stage Data Ingestion stage completed <<<<<<

x==========x]
[2025-05-09 19:44:15,682: INFO: stage_01_data_ingestion: >>>>>> stage Data Ingestion stage started <<<<<<]
[2025-05-09 19:44:15,682: INFO: common: yaml file: config\config.yaml loaded successfully]
[2025-05-09 19:44:15,682: INFO: common: yaml file: params.yaml loaded successfully]
[2025-05-09 19:44:15,682: INFO: common: created directory at: artifacts]
[2025-05-09 19:44:15,682: INFO: common: created directory at: artifacts/data_ingestion]
[2025-05-09 19:44:15,682: INFO: data_ingestion: Downloading data from https://drive.google.com/file/d/1UHmcgFCaNvyCFs65-3scHFABfJ1r90FB/view?usp=sharing into file artifacts/data_ingestion/data.zip]
[2025-05-09 19:44:26,614: INFO: data_ingestion: Downloaded data from https://drive.google.com/file/d/1UHmcgFCaNvyCFs65-3scHFABfJ1r90FB/view?usp=sharing into file artifacts/data_ingestion/data.zip]
[2025-05-09 19:44:27,359: INFO: data_ingestion: Extracted zip file into: artifacts/data_ingestion/unzipped]
[2025-05-09 19:44:27,359: INFO: stage_01_data_ingestion: >>>>>> stage Data Ingestion stage completed <<<<<<

x==========x]
[2025-05-09 19:49:05,464: INFO: stage_01_data_ingestion: >>>>>> stage Data Ingestion stage started <<<<<<]
[2025-05-09 19:49:05,474: INFO: common: yaml file: config\config.yaml loaded successfully]
[2025-05-09 19:49:05,474: INFO: common: yaml file: params.yaml loaded successfully]
[2025-05-09 19:49:05,474: INFO: common: created directory at: artifacts]
[2025-05-09 19:49:05,474: INFO: common: created directory at: artifacts/data_ingestion]
[2025-05-09 19:49:05,474: INFO: data_ingestion: Downloading data from https://drive.google.com/file/d/1UHmcgFCaNvyCFs65-3scHFABfJ1r90FB/view?usp=sharing into file artifacts/data_ingestion/data.zip]
[2025-05-09 19:49:13,882: INFO: data_ingestion: Downloaded data from https://drive.google.com/file/d/1UHmcgFCaNvyCFs65-3scHFABfJ1r90FB/view?usp=sharing into file artifacts/data_ingestion/data.zip]
[2025-05-09 19:49:14,669: INFO: data_ingestion: Extracted zip file into: artifacts/data_ingestion/unzipped]
[2025-05-09 19:49:14,669: INFO: stage_01_data_ingestion: >>>>>> stage Data Ingestion stage completed <<<<<<

x==========x]
